{"/home/travis/build/npmtest/node-npmtest-redbird/test.js":{"path":"/home/travis/build/npmtest/node-npmtest-redbird/test.js","s":{"1":2,"2":2,"3":2,"4":2,"5":2,"6":2,"7":2,"8":1,"9":2,"10":2,"11":1,"12":1,"13":1,"14":1,"15":2,"16":2,"17":2,"18":2,"19":1,"20":1,"21":2,"22":2,"23":2,"24":1,"25":1,"26":1,"27":1,"28":1,"29":1,"30":1,"31":1,"32":1,"33":1,"34":1,"35":1,"36":1,"37":1,"38":1,"39":2,"40":2,"41":1,"42":2,"43":2,"44":1,"45":2,"46":2,"47":1,"48":2,"49":2,"50":1,"51":1,"52":1,"53":1,"54":1},"b":{"1":[2,1,1,1],"2":[1,1,1,1],"3":[1,1],"4":[1,1],"5":[1,1],"6":[1,1],"7":[1,1],"8":[1,1],"9":[1,1],"10":[1,1,1],"11":[1,1],"12":[1,1],"13":[1,1],"14":[1,1],"15":[1,1],"16":[1,1],"17":[1,1]},"f":{"1":2,"2":2,"3":2,"4":2,"5":2,"6":1,"7":1,"8":1,"9":2,"10":2,"11":2,"12":2,"13":1},"fnMap":{"1":{"name":"(anonymous_1)","line":12,"loc":{"start":{"line":12,"column":1},"end":{"line":12,"column":13}}},"2":{"name":"(anonymous_2)","line":19,"loc":{"start":{"line":19,"column":5},"end":{"line":19,"column":17}}},"3":{"name":"(anonymous_3)","line":23,"loc":{"start":{"line":23,"column":24},"end":{"line":23,"column":36}}},"4":{"name":"(anonymous_4)","line":61,"loc":{"start":{"line":61,"column":5},"end":{"line":61,"column":17}}},"5":{"name":"(anonymous_5)","line":82,"loc":{"start":{"line":82,"column":5},"end":{"line":82,"column":17}}},"6":{"name":"(anonymous_6)","line":91,"loc":{"start":{"line":91,"column":77},"end":{"line":94,"column":10}}},"7":{"name":"(anonymous_7)","line":112,"loc":{"start":{"line":112,"column":83},"end":{"line":115,"column":10}},"skip":true},"8":{"name":"(anonymous_8)","line":123,"loc":{"start":{"line":123,"column":77},"end":{"line":126,"column":10}},"skip":true},"9":{"name":"(anonymous_9)","line":139,"loc":{"start":{"line":139,"column":12},"end":{"line":139,"column":40}},"skip":true},"10":{"name":"(anonymous_10)","line":147,"loc":{"start":{"line":147,"column":77},"end":{"line":150,"column":10}},"skip":true},"11":{"name":"(anonymous_11)","line":158,"loc":{"start":{"line":158,"column":83},"end":{"line":161,"column":10}},"skip":true},"12":{"name":"(anonymous_12)","line":169,"loc":{"start":{"line":169,"column":79},"end":{"line":172,"column":10}},"skip":true},"13":{"name":"(anonymous_13)","line":180,"loc":{"start":{"line":180,"column":75},"end":{"line":183,"column":10}},"skip":true}},"statementMap":{"1":{"start":{"line":12,"column":0},"end":{"line":195,"column":5}},"2":{"start":{"line":14,"column":4},"end":{"line":14,"column":14}},"3":{"start":{"line":19,"column":4},"end":{"line":56,"column":9}},"4":{"start":{"line":21,"column":8},"end":{"line":21,"column":19}},"5":{"start":{"line":23,"column":8},"end":{"line":35,"column":13}},"6":{"start":{"line":24,"column":12},"end":{"line":34,"column":13}},"7":{"start":{"line":25,"column":16},"end":{"line":28,"column":30}},"8":{"start":{"line":30,"column":16},"end":{"line":33,"column":27}},"9":{"start":{"line":37,"column":8},"end":{"line":39,"column":21}},"10":{"start":{"line":40,"column":8},"end":{"line":53,"column":9}},"11":{"start":{"line":43,"column":12},"end":{"line":46,"column":14}},"12":{"start":{"line":47,"column":12},"end":{"line":47,"column":18}},"13":{"start":{"line":50,"column":12},"end":{"line":51,"column":33}},"14":{"start":{"line":52,"column":12},"end":{"line":52,"column":18}},"15":{"start":{"line":55,"column":8},"end":{"line":55,"column":35}},"16":{"start":{"line":61,"column":4},"end":{"line":63,"column":9}},"17":{"start":{"line":62,"column":8},"end":{"line":62,"column":15}},"18":{"start":{"line":64,"column":4},"end":{"line":77,"column":5}},"19":{"start":{"line":70,"column":8},"end":{"line":70,"column":14}},"20":{"start":{"line":76,"column":8},"end":{"line":76,"column":14}},"21":{"start":{"line":82,"column":4},"end":{"line":84,"column":9}},"22":{"start":{"line":83,"column":8},"end":{"line":83,"column":15}},"23":{"start":{"line":85,"column":4},"end":{"line":194,"column":5}},"24":{"start":{"line":91,"column":8},"end":{"line":99,"column":10}},"25":{"start":{"line":98,"column":12},"end":{"line":98,"column":35}},"26":{"start":{"line":102,"column":8},"end":{"line":104,"column":63}},"27":{"start":{"line":105,"column":8},"end":{"line":105,"column":14}},"28":{"start":{"line":112,"column":8},"end":{"line":121,"column":10},"skip":true},"29":{"start":{"line":119,"column":12},"end":{"line":119,"column":55},"skip":true},"30":{"start":{"line":120,"column":12},"end":{"line":120,"column":48},"skip":true},"31":{"start":{"line":123,"column":8},"end":{"line":136,"column":10},"skip":true},"32":{"start":{"line":130,"column":12},"end":{"line":130,"column":76},"skip":true},"33":{"start":{"line":131,"column":12},"end":{"line":131,"column":73},"skip":true},"34":{"start":{"line":132,"column":12},"end":{"line":132,"column":74},"skip":true},"35":{"start":{"line":133,"column":12},"end":{"line":133,"column":79},"skip":true},"36":{"start":{"line":134,"column":12},"end":{"line":134,"column":25},"skip":true},"37":{"start":{"line":135,"column":12},"end":{"line":135,"column":45},"skip":true},"38":{"start":{"line":138,"column":8},"end":{"line":145,"column":14},"skip":true},"39":{"start":{"line":143,"column":16},"end":{"line":143,"column":29},"skip":true},"40":{"start":{"line":144,"column":16},"end":{"line":144,"column":55},"skip":true},"41":{"start":{"line":147,"column":8},"end":{"line":156,"column":10},"skip":true},"42":{"start":{"line":154,"column":12},"end":{"line":154,"column":25},"skip":true},"43":{"start":{"line":155,"column":12},"end":{"line":155,"column":45},"skip":true},"44":{"start":{"line":158,"column":8},"end":{"line":167,"column":10},"skip":true},"45":{"start":{"line":165,"column":12},"end":{"line":165,"column":25},"skip":true},"46":{"start":{"line":166,"column":12},"end":{"line":166,"column":48},"skip":true},"47":{"start":{"line":169,"column":8},"end":{"line":178,"column":10},"skip":true},"48":{"start":{"line":176,"column":12},"end":{"line":176,"column":25},"skip":true},"49":{"start":{"line":177,"column":12},"end":{"line":177,"column":46},"skip":true},"50":{"start":{"line":180,"column":8},"end":{"line":189,"column":10},"skip":true},"51":{"start":{"line":187,"column":12},"end":{"line":187,"column":94},"skip":true},"52":{"start":{"line":188,"column":12},"end":{"line":188,"column":48},"skip":true},"53":{"start":{"line":192,"column":8},"end":{"line":192,"column":35},"skip":true},"54":{"start":{"line":193,"column":8},"end":{"line":193,"column":14},"skip":true}},"branchMap":{"1":{"line":25,"type":"binary-expr","locations":[{"start":{"line":25,"column":23},"end":{"line":25,"column":62}},{"start":{"line":26,"column":20},"end":{"line":26,"column":70}},{"start":{"line":27,"column":20},"end":{"line":27,"column":71}},{"start":{"line":28,"column":20},"end":{"line":28,"column":29}}]},"2":{"line":30,"type":"binary-expr","locations":[{"start":{"line":30,"column":23},"end":{"line":30,"column":37}},{"start":{"line":31,"column":20},"end":{"line":31,"column":61}},{"start":{"line":32,"column":20},"end":{"line":32,"column":70}},{"start":{"line":33,"column":20},"end":{"line":33,"column":26}}]},"3":{"line":37,"type":"cond-expr","locations":[{"start":{"line":38,"column":14},"end":{"line":38,"column":20}},{"start":{"line":39,"column":14},"end":{"line":39,"column":20}}]},"4":{"line":40,"type":"switch","locations":[{"start":{"line":42,"column":8},"end":{"line":47,"column":18}},{"start":{"line":49,"column":8},"end":{"line":52,"column":18}}]},"5":{"line":44,"type":"binary-expr","locations":[{"start":{"line":44,"column":16},"end":{"line":44,"column":44}},{"start":{"line":44,"column":48},"end":{"line":44,"column":66}}]},"6":{"line":50,"type":"binary-expr","locations":[{"start":{"line":50,"column":21},"end":{"line":50,"column":49}},{"start":{"line":50,"column":53},"end":{"line":50,"column":72}}]},"7":{"line":64,"type":"switch","locations":[{"start":{"line":69,"column":4},"end":{"line":70,"column":14}},{"start":{"line":75,"column":4},"end":{"line":76,"column":14}}]},"8":{"line":85,"type":"switch","locations":[{"start":{"line":90,"column":4},"end":{"line":105,"column":14}},{"start":{"line":111,"column":4},"end":{"line":193,"column":14},"skip":true}]},"9":{"line":91,"type":"binary-expr","locations":[{"start":{"line":91,"column":42},"end":{"line":91,"column":73}},{"start":{"line":91,"column":77},"end":{"line":99,"column":9}}]},"10":{"line":102,"type":"binary-expr","locations":[{"start":{"line":102,"column":18},"end":{"line":102,"column":32}},{"start":{"line":103,"column":12},"end":{"line":103,"column":53}},{"start":{"line":104,"column":12},"end":{"line":104,"column":61}}]},"11":{"line":112,"type":"binary-expr","locations":[{"start":{"line":112,"column":45},"end":{"line":112,"column":79},"skip":true},{"start":{"line":112,"column":83},"end":{"line":121,"column":9},"skip":true}]},"12":{"line":123,"type":"binary-expr","locations":[{"start":{"line":123,"column":42},"end":{"line":123,"column":73},"skip":true},{"start":{"line":123,"column":77},"end":{"line":136,"column":9},"skip":true}]},"13":{"line":138,"type":"binary-expr","locations":[{"start":{"line":138,"column":48},"end":{"line":138,"column":85},"skip":true},{"start":{"line":139,"column":12},"end":{"line":145,"column":13},"skip":true}]},"14":{"line":147,"type":"binary-expr","locations":[{"start":{"line":147,"column":42},"end":{"line":147,"column":73},"skip":true},{"start":{"line":147,"column":77},"end":{"line":156,"column":9},"skip":true}]},"15":{"line":158,"type":"binary-expr","locations":[{"start":{"line":158,"column":45},"end":{"line":158,"column":79},"skip":true},{"start":{"line":158,"column":83},"end":{"line":167,"column":9},"skip":true}]},"16":{"line":169,"type":"binary-expr","locations":[{"start":{"line":169,"column":43},"end":{"line":169,"column":75},"skip":true},{"start":{"line":169,"column":79},"end":{"line":178,"column":9},"skip":true}]},"17":{"line":180,"type":"binary-expr","locations":[{"start":{"line":180,"column":41},"end":{"line":180,"column":71},"skip":true},{"start":{"line":180,"column":75},"end":{"line":189,"column":9},"skip":true}]}},"code":["/* istanbul instrument in package npmtest_redbird */","/*jslint","    bitwise: true,","    browser: true,","    maxerr: 8,","    maxlen: 96,","    node: true,","    nomen: true,","    regexp: true,","    stupid: true","*/","(function () {","    'use strict';","    var local;","","","","    // run shared js-env code - init-before","    (function () {","        // init local","        local = {};","        // init modeJs","        local.modeJs = (function () {","            try {","                return typeof navigator.userAgent === 'string' &&","                    typeof document.querySelector('body') === 'object' &&","                    typeof XMLHttpRequest.prototype.open === 'function' &&","                    'browser';","            } catch (errorCaughtBrowser) {","                return module.exports &&","                    typeof process.versions.node === 'string' &&","                    typeof require('http').createServer === 'function' &&","                    'node';","            }","        }());","        // init global","        local.global = local.modeJs === 'browser'","            ? window","            : global;","        switch (local.modeJs) {","        // re-init local from window.local","        case 'browser':","            local = local.global.utility2.objectSetDefault(","                local.global.utility2_rollup || local.global.local,","                local.global.utility2","            );","            break;","        // re-init local from example.js","        case 'node':","            local = (local.global.utility2_rollup || require('utility2'))","                .requireReadme();","            break;","        }","        // export local","        local.global.local = local;","    }());","","","","    // run shared js-env code - function","    (function () {","        return;","    }());","    switch (local.modeJs) {","","","","    // run browser js-env code - function","    case 'browser':","        break;","","","","    // run node js-env code - function","    case 'node':","        break;","    }","","","","    // run shared js-env code - init-after","    (function () {","        return;","    }());","    switch (local.modeJs) {","","","","    // run browser js-env code - init-after","    case 'browser':","        local.testCase_browser_nullCase = local.testCase_browser_nullCase || function (","            options,","            onError","        ) {","        /*","         * this function will test browsers's null-case handling-behavior-behavior","         */","            onError(null, options);","        };","","        // run tests","        local.nop(local.modeTest &&","            document.querySelector('#testRunButton1') &&","            document.querySelector('#testRunButton1').click());","        break;","","","","    // run node js-env code - init-after","    /* istanbul ignore next */","    case 'node':","        local.testCase_buildApidoc_default = local.testCase_buildApidoc_default || function (","            options,","            onError","        ) {","        /*","         * this function will test buildApidoc's default handling-behavior-behavior","         */","            options = { modulePathList: module.paths };","            local.buildApidoc(options, onError);","        };","","        local.testCase_buildApp_default = local.testCase_buildApp_default || function (","            options,","            onError","        ) {","        /*","         * this function will test buildApp's default handling-behavior-behavior","         */","            local.testCase_buildReadme_default(options, local.onErrorThrow);","            local.testCase_buildLib_default(options, local.onErrorThrow);","            local.testCase_buildTest_default(options, local.onErrorThrow);","            local.testCase_buildCustomOrg_default(options, local.onErrorThrow);","            options = [];","            local.buildApp(options, onError);","        };","","        local.testCase_buildCustomOrg_default = local.testCase_buildCustomOrg_default ||","            function (options, onError) {","            /*","             * this function will test buildCustomOrg's default handling-behavior","             */","                options = {};","                local.buildCustomOrg(options, onError);","            };","","        local.testCase_buildLib_default = local.testCase_buildLib_default || function (","            options,","            onError","        ) {","        /*","         * this function will test buildLib's default handling-behavior","         */","            options = {};","            local.buildLib(options, onError);","        };","","        local.testCase_buildReadme_default = local.testCase_buildReadme_default || function (","            options,","            onError","        ) {","        /*","         * this function will test buildReadme's default handling-behavior-behavior","         */","            options = {};","            local.buildReadme(options, onError);","        };","","        local.testCase_buildTest_default = local.testCase_buildTest_default || function (","            options,","            onError","        ) {","        /*","         * this function will test buildTest's default handling-behavior","         */","            options = {};","            local.buildTest(options, onError);","        };","","        local.testCase_webpage_default = local.testCase_webpage_default || function (","            options,","            onError","        ) {","        /*","         * this function will test webpage's default handling-behavior","         */","            options = { modeCoverageMerge: true, url: local.serverLocalHost + '?modeTest=1' };","            local.browserTest(options, onError);","        };","","        // run test-server","        local.testRunServer(local);","        break;","    }","}());",""],"l":{"12":2,"14":2,"19":2,"21":2,"23":2,"24":2,"25":2,"30":1,"37":2,"40":2,"43":1,"47":1,"50":1,"52":1,"55":2,"61":2,"62":2,"64":2,"70":1,"76":1,"82":2,"83":2,"85":2,"91":1,"98":1,"102":1,"105":1,"112":1,"119":1,"120":1,"123":1,"130":1,"131":1,"132":1,"133":1,"134":1,"135":1,"138":1,"143":2,"144":2,"147":1,"154":2,"155":2,"158":1,"165":2,"166":2,"169":1,"176":2,"177":2,"180":1,"187":1,"188":1,"192":1,"193":1}},"/home/travis/build/npmtest/node-npmtest-redbird/lib.npmtest_redbird.js":{"path":"/home/travis/build/npmtest/node-npmtest-redbird/lib.npmtest_redbird.js","s":{"1":2,"2":2,"3":2,"4":2,"5":2,"6":2,"7":2,"8":1,"9":2,"10":2,"11":2,"12":2,"13":1,"14":1,"15":1,"16":1},"b":{"1":[2,1,1,1],"2":[1,1,1,1],"3":[1,1],"4":[2,2],"5":[1,1]},"f":{"1":2,"2":2,"3":2},"fnMap":{"1":{"name":"(anonymous_1)","line":12,"loc":{"start":{"line":12,"column":1},"end":{"line":12,"column":13}}},"2":{"name":"(anonymous_2)","line":19,"loc":{"start":{"line":19,"column":5},"end":{"line":19,"column":17}}},"3":{"name":"(anonymous_3)","line":23,"loc":{"start":{"line":23,"column":24},"end":{"line":23,"column":36}}}},"statementMap":{"1":{"start":{"line":12,"column":0},"end":{"line":53,"column":5}},"2":{"start":{"line":14,"column":4},"end":{"line":14,"column":14}},"3":{"start":{"line":19,"column":4},"end":{"line":52,"column":9}},"4":{"start":{"line":21,"column":8},"end":{"line":21,"column":19}},"5":{"start":{"line":23,"column":8},"end":{"line":35,"column":13}},"6":{"start":{"line":24,"column":12},"end":{"line":34,"column":13}},"7":{"start":{"line":25,"column":16},"end":{"line":28,"column":30}},"8":{"start":{"line":30,"column":16},"end":{"line":33,"column":27}},"9":{"start":{"line":37,"column":8},"end":{"line":39,"column":21}},"10":{"start":{"line":41,"column":8},"end":{"line":41,"column":54}},"11":{"start":{"line":43,"column":8},"end":{"line":43,"column":52}},"12":{"start":{"line":45,"column":8},"end":{"line":51,"column":9}},"13":{"start":{"line":46,"column":12},"end":{"line":46,"column":58}},"14":{"start":{"line":48,"column":12},"end":{"line":48,"column":35}},"15":{"start":{"line":49,"column":12},"end":{"line":49,"column":49}},"16":{"start":{"line":50,"column":12},"end":{"line":50,"column":43}}},"branchMap":{"1":{"line":25,"type":"binary-expr","locations":[{"start":{"line":25,"column":23},"end":{"line":25,"column":62}},{"start":{"line":26,"column":20},"end":{"line":26,"column":70}},{"start":{"line":27,"column":20},"end":{"line":27,"column":71}},{"start":{"line":28,"column":20},"end":{"line":28,"column":29}}]},"2":{"line":30,"type":"binary-expr","locations":[{"start":{"line":30,"column":23},"end":{"line":30,"column":37}},{"start":{"line":31,"column":20},"end":{"line":31,"column":61}},{"start":{"line":32,"column":20},"end":{"line":32,"column":70}},{"start":{"line":33,"column":20},"end":{"line":33,"column":26}}]},"3":{"line":37,"type":"cond-expr","locations":[{"start":{"line":38,"column":14},"end":{"line":38,"column":20}},{"start":{"line":39,"column":14},"end":{"line":39,"column":20}}]},"4":{"line":41,"type":"binary-expr","locations":[{"start":{"line":41,"column":16},"end":{"line":41,"column":44}},{"start":{"line":41,"column":48},"end":{"line":41,"column":53}}]},"5":{"line":45,"type":"if","locations":[{"start":{"line":45,"column":8},"end":{"line":45,"column":8}},{"start":{"line":45,"column":8},"end":{"line":45,"column":8}}]}},"code":["/* istanbul instrument in package npmtest_redbird */","/*jslint","    bitwise: true,","    browser: true,","    maxerr: 8,","    maxlen: 96,","    node: true,","    nomen: true,","    regexp: true,","    stupid: true","*/","(function () {","    'use strict';","    var local;","","","","    // run shared js-env code - init-before","    (function () {","        // init local","        local = {};","        // init modeJs","        local.modeJs = (function () {","            try {","                return typeof navigator.userAgent === 'string' &&","                    typeof document.querySelector('body') === 'object' &&","                    typeof XMLHttpRequest.prototype.open === 'function' &&","                    'browser';","            } catch (errorCaughtBrowser) {","                return module.exports &&","                    typeof process.versions.node === 'string' &&","                    typeof require('http').createServer === 'function' &&","                    'node';","            }","        }());","        // init global","        local.global = local.modeJs === 'browser'","            ? window","            : global;","        // init utility2_rollup","        local = local.global.utility2_rollup || local;","        // init lib","        local.local = local.npmtest_redbird = local;","        // init exports","        if (local.modeJs === 'browser') {","            local.global.utility2_npmtest_redbird = local;","        } else {","            module.exports = local;","            module.exports.__dirname = __dirname;","            module.exports.module = module;","        }","    }());","}());",""],"l":{"12":2,"14":2,"19":2,"21":2,"23":2,"24":2,"25":2,"30":1,"37":2,"41":2,"43":2,"45":2,"46":1,"48":1,"49":1,"50":1}},"/home/travis/build/npmtest/node-npmtest-redbird/example.js":{"path":"/home/travis/build/npmtest/node-npmtest-redbird/example.js","s":{"1":2,"2":2,"3":2,"4":2,"5":2,"6":2,"7":2,"8":1,"9":2,"10":2,"11":2,"12":2,"13":1,"14":2,"15":2,"16":2,"17":2,"18":2,"19":0,"20":2,"21":1,"22":1,"23":1,"24":1,"25":1,"26":0,"27":0,"28":1,"29":1,"30":2,"31":0,"32":0,"33":0,"34":1,"35":2,"36":2,"37":3,"38":3,"39":3,"40":3,"41":0,"42":3,"43":3,"44":3,"45":1,"46":3,"47":1,"48":1,"49":1,"50":1,"51":1,"52":1,"53":1,"54":1,"55":1,"56":1,"57":0,"58":1,"59":6,"60":6,"61":1,"62":2,"63":0,"64":2,"65":1,"66":1,"67":0,"68":0,"69":0,"70":0,"71":0,"72":0,"73":0,"74":0,"75":0,"76":0,"77":0,"78":0,"79":0,"80":0,"81":0,"82":0,"83":0},"b":{"1":[2,1,1,1],"2":[1,1,1,1],"3":[1,1],"4":[2,2],"5":[1,1],"6":[1,1],"7":[2,0],"8":[2,1,1,1,1,1],"9":[0,2,0],"10":[1,1],"11":[2,1,1],"12":[1,0],"13":[0,2],"14":[2,0,0,0,0,0,0],"15":[0,3],"16":[3,0],"17":[1,1],"18":[0,1],"19":[1,2,0,2],"20":[1,0],"21":[1,1],"22":[0,0],"23":[0,0],"24":[0,0],"25":[0,0],"26":[0,0],"27":[0,0],"28":[0,0]},"f":{"1":2,"2":2,"3":2,"4":2,"5":2,"6":2,"7":3,"8":3,"9":3,"10":1,"11":6,"12":0},"fnMap":{"1":{"name":"(anonymous_1)","line":26,"loc":{"start":{"line":26,"column":1},"end":{"line":26,"column":13}}},"2":{"name":"(anonymous_2)","line":33,"loc":{"start":{"line":33,"column":5},"end":{"line":33,"column":17}}},"3":{"name":"(anonymous_3)","line":37,"loc":{"start":{"line":37,"column":24},"end":{"line":37,"column":36}}},"4":{"name":"(anonymous_4)","line":69,"loc":{"start":{"line":69,"column":31},"end":{"line":69,"column":48}},"skip":true},"5":{"name":"(anonymous_5)","line":78,"loc":{"start":{"line":78,"column":26},"end":{"line":78,"column":45}},"skip":true},"6":{"name":"(anonymous_6)","line":123,"loc":{"start":{"line":123,"column":33},"end":{"line":123,"column":48}},"skip":true},"7":{"name":"(anonymous_7)","line":125,"loc":{"start":{"line":125,"column":27},"end":{"line":125,"column":39}},"skip":true},"8":{"name":"(anonymous_8)","line":133,"loc":{"start":{"line":133,"column":59},"end":{"line":133,"column":74}},"skip":true},"9":{"name":"(anonymous_9)","line":143,"loc":{"start":{"line":143,"column":45},"end":{"line":143,"column":62}},"skip":true},"10":{"name":"(anonymous_10)","line":144,"loc":{"start":{"line":144,"column":73},"end":{"line":144,"column":92}},"skip":true},"11":{"name":"(anonymous_11)","line":272,"loc":{"start":{"line":272,"column":51},"end":{"line":272,"column":77}},"skip":true},"12":{"name":"(anonymous_12)","line":315,"loc":{"start":{"line":315,"column":32},"end":{"line":315,"column":61}},"skip":true}},"statementMap":{"1":{"start":{"line":26,"column":0},"end":{"line":326,"column":5}},"2":{"start":{"line":28,"column":4},"end":{"line":28,"column":14}},"3":{"start":{"line":33,"column":4},"end":{"line":60,"column":9}},"4":{"start":{"line":35,"column":8},"end":{"line":35,"column":19}},"5":{"start":{"line":37,"column":8},"end":{"line":49,"column":13}},"6":{"start":{"line":38,"column":12},"end":{"line":48,"column":13}},"7":{"start":{"line":39,"column":16},"end":{"line":42,"column":30}},"8":{"start":{"line":44,"column":16},"end":{"line":47,"column":27}},"9":{"start":{"line":51,"column":8},"end":{"line":53,"column":21}},"10":{"start":{"line":55,"column":8},"end":{"line":57,"column":45}},"11":{"start":{"line":59,"column":8},"end":{"line":59,"column":35}},"12":{"start":{"line":61,"column":4},"end":{"line":325,"column":5}},"13":{"start":{"line":69,"column":8},"end":{"line":121,"column":10},"skip":true},"14":{"start":{"line":70,"column":12},"end":{"line":88,"column":13},"skip":true},"15":{"start":{"line":76,"column":16},"end":{"line":87,"column":19},"skip":true},"16":{"start":{"line":79,"column":20},"end":{"line":86,"column":21},"skip":true},"17":{"start":{"line":82,"column":24},"end":{"line":82,"column":43},"skip":true},"18":{"start":{"line":83,"column":24},"end":{"line":83,"column":30},"skip":true},"19":{"start":{"line":85,"column":24},"end":{"line":85,"column":49},"skip":true},"20":{"start":{"line":89,"column":12},"end":{"line":107,"column":13},"skip":true},"21":{"start":{"line":92,"column":16},"end":{"line":102,"column":17},"skip":true},"22":{"start":{"line":93,"column":20},"end":{"line":93,"column":86},"skip":true},"23":{"start":{"line":94,"column":20},"end":{"line":95,"column":45},"skip":true},"24":{"start":{"line":96,"column":20},"end":{"line":96,"column":42},"skip":true},"25":{"start":{"line":97,"column":20},"end":{"line":97,"column":48},"skip":true},"26":{"start":{"line":100,"column":20},"end":{"line":100,"column":85},"skip":true},"27":{"start":{"line":101,"column":20},"end":{"line":101,"column":96},"skip":true},"28":{"start":{"line":103,"column":16},"end":{"line":103,"column":22},"skip":true},"29":{"start":{"line":106,"column":16},"end":{"line":106,"column":22},"skip":true},"30":{"start":{"line":108,"column":12},"end":{"line":120,"column":13},"skip":true},"31":{"start":{"line":114,"column":16},"end":{"line":119,"column":17},"skip":true},"32":{"start":{"line":116,"column":20},"end":{"line":116,"column":78},"skip":true},"33":{"start":{"line":118,"column":20},"end":{"line":118,"column":47},"skip":true},"34":{"start":{"line":123,"column":8},"end":{"line":141,"column":11},"skip":true},"35":{"start":{"line":124,"column":12},"end":{"line":124,"column":54},"skip":true},"36":{"start":{"line":125,"column":12},"end":{"line":140,"column":14},"skip":true},"37":{"start":{"line":126,"column":16},"end":{"line":126,"column":28},"skip":true},"38":{"start":{"line":127,"column":16},"end":{"line":127,"column":69},"skip":true},"39":{"start":{"line":128,"column":16},"end":{"line":128,"column":75},"skip":true},"40":{"start":{"line":129,"column":16},"end":{"line":131,"column":17},"skip":true},"41":{"start":{"line":130,"column":20},"end":{"line":130,"column":27},"skip":true},"42":{"start":{"line":133,"column":16},"end":{"line":137,"column":36},"skip":true},"43":{"start":{"line":134,"column":20},"end":{"line":136,"column":55},"skip":true},"44":{"start":{"line":139,"column":16},"end":{"line":139,"column":57},"skip":true},"45":{"start":{"line":143,"column":8},"end":{"line":147,"column":11},"skip":true},"46":{"start":{"line":144,"column":12},"end":{"line":146,"column":15},"skip":true},"47":{"start":{"line":145,"column":16},"end":{"line":145,"column":70},"skip":true},"48":{"start":{"line":149,"column":8},"end":{"line":149,"column":31},"skip":true},"49":{"start":{"line":150,"column":8},"end":{"line":150,"column":14},"skip":true},"50":{"start":{"line":158,"column":8},"end":{"line":158,"column":31},"skip":true},"51":{"start":{"line":160,"column":8},"end":{"line":160,"column":33},"skip":true},"52":{"start":{"line":161,"column":8},"end":{"line":161,"column":37},"skip":true},"53":{"start":{"line":162,"column":8},"end":{"line":162,"column":35},"skip":true},"54":{"start":{"line":164,"column":8},"end":{"line":164,"column":50},"skip":true},"55":{"start":{"line":166,"column":8},"end":{"line":256,"column":2},"skip":true},"56":{"start":{"line":258,"column":8},"end":{"line":286,"column":9},"skip":true},"57":{"start":{"line":259,"column":12},"end":{"line":269,"column":14},"skip":true},"58":{"start":{"line":271,"column":12},"end":{"line":285,"column":19},"skip":true},"59":{"start":{"line":274,"column":20},"end":{"line":274,"column":35},"skip":true},"60":{"start":{"line":275,"column":20},"end":{"line":284,"column":21},"skip":true},"61":{"start":{"line":277,"column":24},"end":{"line":277,"column":64},"skip":true},"62":{"start":{"line":279,"column":24},"end":{"line":279,"column":40},"skip":true},"63":{"start":{"line":281,"column":24},"end":{"line":281,"column":40},"skip":true},"64":{"start":{"line":283,"column":24},"end":{"line":283,"column":39},"skip":true},"65":{"start":{"line":288,"column":8},"end":{"line":290,"column":9},"skip":true},"66":{"start":{"line":289,"column":12},"end":{"line":289,"column":18},"skip":true},"67":{"start":{"line":291,"column":8},"end":{"line":293,"column":54},"skip":true},"68":{"start":{"line":296,"column":8},"end":{"line":301,"column":37},"skip":true},"69":{"start":{"line":303,"column":8},"end":{"line":303,"column":82},"skip":true},"70":{"start":{"line":306,"column":8},"end":{"line":308,"column":9},"skip":true},"71":{"start":{"line":307,"column":12},"end":{"line":307,"column":82},"skip":true},"72":{"start":{"line":310,"column":8},"end":{"line":312,"column":9},"skip":true},"73":{"start":{"line":311,"column":12},"end":{"line":311,"column":18},"skip":true},"74":{"start":{"line":313,"column":8},"end":{"line":313,"column":54},"skip":true},"75":{"start":{"line":314,"column":8},"end":{"line":314,"column":69},"skip":true},"76":{"start":{"line":315,"column":8},"end":{"line":323,"column":36},"skip":true},"77":{"start":{"line":316,"column":12},"end":{"line":316,"column":61},"skip":true},"78":{"start":{"line":317,"column":12},"end":{"line":320,"column":13},"skip":true},"79":{"start":{"line":318,"column":16},"end":{"line":318,"column":75},"skip":true},"80":{"start":{"line":319,"column":16},"end":{"line":319,"column":23},"skip":true},"81":{"start":{"line":321,"column":12},"end":{"line":321,"column":38},"skip":true},"82":{"start":{"line":322,"column":12},"end":{"line":322,"column":27},"skip":true},"83":{"start":{"line":324,"column":8},"end":{"line":324,"column":14},"skip":true}},"branchMap":{"1":{"line":39,"type":"binary-expr","locations":[{"start":{"line":39,"column":23},"end":{"line":39,"column":62}},{"start":{"line":40,"column":20},"end":{"line":40,"column":70}},{"start":{"line":41,"column":20},"end":{"line":41,"column":71}},{"start":{"line":42,"column":20},"end":{"line":42,"column":29}}]},"2":{"line":44,"type":"binary-expr","locations":[{"start":{"line":44,"column":23},"end":{"line":44,"column":37}},{"start":{"line":45,"column":20},"end":{"line":45,"column":61}},{"start":{"line":46,"column":20},"end":{"line":46,"column":70}},{"start":{"line":47,"column":20},"end":{"line":47,"column":26}}]},"3":{"line":51,"type":"cond-expr","locations":[{"start":{"line":52,"column":14},"end":{"line":52,"column":20}},{"start":{"line":53,"column":14},"end":{"line":53,"column":20}}]},"4":{"line":55,"type":"binary-expr","locations":[{"start":{"line":55,"column":16},"end":{"line":55,"column":44}},{"start":{"line":55,"column":49},"end":{"line":57,"column":43}}]},"5":{"line":55,"type":"cond-expr","locations":[{"start":{"line":56,"column":14},"end":{"line":56,"column":51}},{"start":{"line":57,"column":14},"end":{"line":57,"column":43}}]},"6":{"line":61,"type":"switch","locations":[{"start":{"line":68,"column":4},"end":{"line":150,"column":14},"skip":true},{"start":{"line":156,"column":4},"end":{"line":324,"column":14},"skip":true}]},"7":{"line":70,"type":"if","locations":[{"start":{"line":70,"column":12},"end":{"line":70,"column":12},"skip":true},{"start":{"line":70,"column":12},"end":{"line":70,"column":12},"skip":true}]},"8":{"line":70,"type":"binary-expr","locations":[{"start":{"line":70,"column":16},"end":{"line":70,"column":22},"skip":true},{"start":{"line":70,"column":27},"end":{"line":70,"column":32},"skip":true},{"start":{"line":71,"column":20},"end":{"line":71,"column":39},"skip":true},{"start":{"line":72,"column":20},"end":{"line":72,"column":49},"skip":true},{"start":{"line":73,"column":20},"end":{"line":73,"column":58},"skip":true},{"start":{"line":74,"column":20},"end":{"line":74,"column":69},"skip":true}]},"9":{"line":79,"type":"switch","locations":[{"start":{"line":80,"column":20},"end":{"line":80,"column":33},"skip":true},{"start":{"line":81,"column":20},"end":{"line":83,"column":30},"skip":true},{"start":{"line":84,"column":20},"end":{"line":85,"column":49},"skip":true}]},"10":{"line":89,"type":"switch","locations":[{"start":{"line":90,"column":12},"end":{"line":103,"column":22},"skip":true},{"start":{"line":105,"column":12},"end":{"line":106,"column":22},"skip":true}]},"11":{"line":89,"type":"binary-expr","locations":[{"start":{"line":89,"column":20},"end":{"line":89,"column":25},"skip":true},{"start":{"line":89,"column":29},"end":{"line":89,"column":48},"skip":true},{"start":{"line":89,"column":52},"end":{"line":89,"column":74},"skip":true}]},"12":{"line":92,"type":"if","locations":[{"start":{"line":92,"column":16},"end":{"line":92,"column":16},"skip":true},{"start":{"line":92,"column":16},"end":{"line":92,"column":16},"skip":true}]},"13":{"line":108,"type":"if","locations":[{"start":{"line":108,"column":12},"end":{"line":108,"column":12},"skip":true},{"start":{"line":108,"column":12},"end":{"line":108,"column":12},"skip":true}]},"14":{"line":108,"type":"binary-expr","locations":[{"start":{"line":108,"column":16},"end":{"line":108,"column":61},"skip":true},{"start":{"line":108,"column":66},"end":{"line":108,"column":72},"skip":true},{"start":{"line":108,"column":77},"end":{"line":108,"column":82},"skip":true},{"start":{"line":109,"column":20},"end":{"line":109,"column":39},"skip":true},{"start":{"line":110,"column":20},"end":{"line":110,"column":49},"skip":true},{"start":{"line":111,"column":20},"end":{"line":111,"column":58},"skip":true},{"start":{"line":112,"column":20},"end":{"line":112,"column":68},"skip":true}]},"15":{"line":129,"type":"if","locations":[{"start":{"line":129,"column":16},"end":{"line":129,"column":16},"skip":true},{"start":{"line":129,"column":16},"end":{"line":129,"column":16},"skip":true}]},"16":{"line":134,"type":"cond-expr","locations":[{"start":{"line":135,"column":26},"end":{"line":135,"column":29},"skip":true},{"start":{"line":136,"column":26},"end":{"line":136,"column":54},"skip":true}]},"17":{"line":164,"type":"binary-expr","locations":[{"start":{"line":164,"column":27},"end":{"line":164,"column":43},"skip":true},{"start":{"line":164,"column":47},"end":{"line":164,"column":49},"skip":true}]},"18":{"line":258,"type":"if","locations":[{"start":{"line":258,"column":8},"end":{"line":258,"column":8},"skip":true},{"start":{"line":258,"column":8},"end":{"line":258,"column":8},"skip":true}]},"19":{"line":275,"type":"switch","locations":[{"start":{"line":276,"column":20},"end":{"line":277,"column":64},"skip":true},{"start":{"line":278,"column":20},"end":{"line":279,"column":40},"skip":true},{"start":{"line":280,"column":20},"end":{"line":281,"column":40},"skip":true},{"start":{"line":282,"column":20},"end":{"line":283,"column":39},"skip":true}]},"20":{"line":288,"type":"if","locations":[{"start":{"line":288,"column":8},"end":{"line":288,"column":8},"skip":true},{"start":{"line":288,"column":8},"end":{"line":288,"column":8},"skip":true}]},"21":{"line":288,"type":"binary-expr","locations":[{"start":{"line":288,"column":12},"end":{"line":288,"column":40},"skip":true},{"start":{"line":288,"column":44},"end":{"line":288,"column":67},"skip":true}]},"22":{"line":292,"type":"binary-expr","locations":[{"start":{"line":292,"column":12},"end":{"line":292,"column":50},"skip":true},{"start":{"line":293,"column":12},"end":{"line":293,"column":53},"skip":true}]},"23":{"line":297,"type":"binary-expr","locations":[{"start":{"line":297,"column":12},"end":{"line":297,"column":65},"skip":true},{"start":{"line":298,"column":12},"end":{"line":301,"column":36},"skip":true}]},"24":{"line":303,"type":"binary-expr","locations":[{"start":{"line":303,"column":43},"end":{"line":303,"column":75},"skip":true},{"start":{"line":303,"column":79},"end":{"line":303,"column":81},"skip":true}]},"25":{"line":306,"type":"if","locations":[{"start":{"line":306,"column":8},"end":{"line":306,"column":8},"skip":true},{"start":{"line":306,"column":8},"end":{"line":306,"column":8},"skip":true}]},"26":{"line":310,"type":"if","locations":[{"start":{"line":310,"column":8},"end":{"line":310,"column":8},"skip":true},{"start":{"line":310,"column":8},"end":{"line":310,"column":8},"skip":true}]},"27":{"line":313,"type":"binary-expr","locations":[{"start":{"line":313,"column":27},"end":{"line":313,"column":43},"skip":true},{"start":{"line":313,"column":47},"end":{"line":313,"column":53},"skip":true}]},"28":{"line":317,"type":"if","locations":[{"start":{"line":317,"column":12},"end":{"line":317,"column":12},"skip":true},{"start":{"line":317,"column":12},"end":{"line":317,"column":12},"skip":true}]}},"code":["/*","example.js","","quickstart example","","instruction","    1. save this script as example.js","    2. run the shell command:","        $ npm install npmtest-redbird && PORT=8081 node example.js","    3. play with the browser-demo on http://127.0.0.1:8081","*/","","","","/* istanbul instrument in package npmtest_redbird */","/*jslint","    bitwise: true,","    browser: true,","    maxerr: 8,","    maxlen: 96,","    node: true,","    nomen: true,","    regexp: true,","    stupid: true","*/","(function () {","    'use strict';","    var local;","","","","    // run shared js-env code - init-before","    (function () {","        // init local","        local = {};","        // init modeJs","        local.modeJs = (function () {","            try {","                return typeof navigator.userAgent === 'string' &&","                    typeof document.querySelector('body') === 'object' &&","                    typeof XMLHttpRequest.prototype.open === 'function' &&","                    'browser';","            } catch (errorCaughtBrowser) {","                return module.exports &&","                    typeof process.versions.node === 'string' &&","                    typeof require('http').createServer === 'function' &&","                    'node';","            }","        }());","        // init global","        local.global = local.modeJs === 'browser'","            ? window","            : global;","        // init utility2_rollup","        local = local.global.utility2_rollup || (local.modeJs === 'browser'","            ? local.global.utility2_npmtest_redbird","            : global.utility2_moduleExports);","        // export local","        local.global.local = local;","    }());","    switch (local.modeJs) {","","","","    // init-after","    // run browser js-env code - init-after","    /* istanbul ignore next */","    case 'browser':","        local.testRunBrowser = function (event) {","            if (!event || (event &&","                    event.currentTarget &&","                    event.currentTarget.className &&","                    event.currentTarget.className.includes &&","                    event.currentTarget.className.includes('onreset'))) {","                // reset output","                Array.from(","                    document.querySelectorAll('body > .resettable')","                ).forEach(function (element) {","                    switch (element.tagName) {","                    case 'INPUT':","                    case 'TEXTAREA':","                        element.value = '';","                        break;","                    default:","                        element.textContent = '';","                    }","                });","            }","            switch (event && event.currentTarget && event.currentTarget.id) {","            case 'testRunButton1':","                // show tests","                if (document.querySelector('#testReportDiv1').style.display === 'none') {","                    document.querySelector('#testReportDiv1').style.display = 'block';","                    document.querySelector('#testRunButton1').textContent =","                        'hide internal test';","                    local.modeTest = true;","                    local.testRunDefault(local);","                // hide tests","                } else {","                    document.querySelector('#testReportDiv1').style.display = 'none';","                    document.querySelector('#testRunButton1').textContent = 'run internal test';","                }","                break;","            // custom-case","            default:","                break;","            }","            if (document.querySelector('#inputTextareaEval1') && (!event || (event &&","                    event.currentTarget &&","                    event.currentTarget.className &&","                    event.currentTarget.className.includes &&","                    event.currentTarget.className.includes('oneval')))) {","                // try to eval input-code","                try {","                    /*jslint evil: true*/","                    eval(document.querySelector('#inputTextareaEval1').value);","                } catch (errorCaught) {","                    console.error(errorCaught);","                }","            }","        };","        // log stderr and stdout to #outputTextareaStdout1","        ['error', 'log'].forEach(function (key) {","            console[key + '_original'] = console[key];","            console[key] = function () {","                var element;","                console[key + '_original'].apply(console, arguments);","                element = document.querySelector('#outputTextareaStdout1');","                if (!element) {","                    return;","                }","                // append text to #outputTextareaStdout1","                element.value += Array.from(arguments).map(function (arg) {","                    return typeof arg === 'string'","                        ? arg","                        : JSON.stringify(arg, null, 4);","                }).join(' ') + '\\n';","                // scroll textarea to bottom","                element.scrollTop = element.scrollHeight;","            };","        });","        // init event-handling","        ['change', 'click', 'keyup'].forEach(function (event) {","            Array.from(document.querySelectorAll('.on' + event)).forEach(function (element) {","                element.addEventListener(event, local.testRunBrowser);","            });","        });","        // run tests","        local.testRunBrowser();","        break;","","","","    // run node js-env code - init-after","    /* istanbul ignore next */","    case 'node':","        // export local","        module.exports = local;","        // require modules","        local.fs = require('fs');","        local.http = require('http');","        local.url = require('url');","        // init assets","        local.assetsDict = local.assetsDict || {};","        /* jslint-ignore-begin */","        local.assetsDict['/assets.index.template.html'] = '\\","<!doctype html>\\n\\","<html lang=\"en\">\\n\\","<head>\\n\\","<meta charset=\"UTF-8\">\\n\\","<meta name=\"viewport\" content=\"width=device-width, initial-scale=1\">\\n\\","<title>{{env.npm_package_name}} (v{{env.npm_package_version}})</title>\\n\\","<style>\\n\\","/*csslint\\n\\","    box-sizing: false,\\n\\","    universal-selector: false\\n\\","*/\\n\\","* {\\n\\","    box-sizing: border-box;\\n\\","}\\n\\","body {\\n\\","    background: #dde;\\n\\","    font-family: Arial, Helvetica, sans-serif;\\n\\","    margin: 2rem;\\n\\","}\\n\\","body > * {\\n\\","    margin-bottom: 1rem;\\n\\","}\\n\\",".utility2FooterDiv {\\n\\","    margin-top: 20px;\\n\\","    text-align: center;\\n\\","}\\n\\","</style>\\n\\","<style>\\n\\","/*csslint\\n\\","*/\\n\\","textarea {\\n\\","    font-family: monospace;\\n\\","    height: 10rem;\\n\\","    width: 100%;\\n\\","}\\n\\","textarea[readonly] {\\n\\","    background: #ddd;\\n\\","}\\n\\","</style>\\n\\","</head>\\n\\","<body>\\n\\","<!-- utility2-comment\\n\\","<div id=\"ajaxProgressDiv1\" style=\"background: #d00; height: 2px; left: 0; margin: 0; padding: 0; position: fixed; top: 0; transition: background 0.5s, width 1.5s; width: 25%;\"></div>\\n\\","utility2-comment -->\\n\\","<h1>\\n\\","<!-- utility2-comment\\n\\","    <a\\n\\","        {{#if env.npm_package_homepage}}\\n\\","        href=\"{{env.npm_package_homepage}}\"\\n\\","        {{/if env.npm_package_homepage}}\\n\\","        target=\"_blank\"\\n\\","    >\\n\\","utility2-comment -->\\n\\","        {{env.npm_package_name}} (v{{env.npm_package_version}})\\n\\","<!-- utility2-comment\\n\\","    </a>\\n\\","utility2-comment -->\\n\\","</h1>\\n\\","<h3>{{env.npm_package_description}}</h3>\\n\\","<!-- utility2-comment\\n\\","<h4><a download href=\"assets.app.js\">download standalone app</a></h4>\\n\\","<button class=\"onclick onreset\" id=\"testRunButton1\">run internal test</button><br>\\n\\","<div id=\"testReportDiv1\" style=\"display: none;\"></div>\\n\\","utility2-comment -->\\n\\","\\n\\","\\n\\","\\n\\","<label>stderr and stdout</label>\\n\\","<textarea class=\"resettable\" id=\"outputTextareaStdout1\" readonly></textarea>\\n\\","<!-- utility2-comment\\n\\","{{#if isRollup}}\\n\\","<script src=\"assets.app.js\"></script>\\n\\","{{#unless isRollup}}\\n\\","utility2-comment -->\\n\\","<script src=\"assets.utility2.rollup.js\"></script>\\n\\","<script src=\"jsonp.utility2._stateInit?callback=window.utility2._stateInit\"></script>\\n\\","<script src=\"assets.npmtest_redbird.rollup.js\"></script>\\n\\","<script src=\"assets.example.js\"></script>\\n\\","<script src=\"assets.test.js\"></script>\\n\\","<!-- utility2-comment\\n\\","{{/if isRollup}}\\n\\","utility2-comment -->\\n\\","<div class=\"utility2FooterDiv\">\\n\\","    [ this app was created with\\n\\","    <a href=\"https://github.com/kaizhu256/node-utility2\" target=\"_blank\">utility2</a>\\n\\","    ]\\n\\","</div>\\n\\","</body>\\n\\","</html>\\n\\","';","        /* jslint-ignore-end */","        if (local.templateRender) {","            local.assetsDict['/'] = local.templateRender(","                local.assetsDict['/assets.index.template.html'],","                {","                    env: local.objectSetDefault(local.env, {","                        npm_package_description: 'the greatest app in the world!',","                        npm_package_name: 'my-app',","                        npm_package_nameAlias: 'my_app',","                        npm_package_version: '0.0.1'","                    })","                }","            );","        } else {","            local.assetsDict['/'] = local.assetsDict['/assets.index.template.html']","                .replace((/\\{\\{env\\.(\\w+?)\\}\\}/g), function (match0, match1) {","                    // jslint-hack","                    String(match0);","                    switch (match1) {","                    case 'npm_package_description':","                        return 'the greatest app in the world!';","                    case 'npm_package_name':","                        return 'my-app';","                    case 'npm_package_nameAlias':","                        return 'my_app';","                    case 'npm_package_version':","                        return '0.0.1';","                    }","                });","        }","        // run the cli","        if (local.global.utility2_rollup || module !== require.main) {","            break;","        }","        local.assetsDict['/assets.example.js'] =","            local.assetsDict['/assets.example.js'] ||","            local.fs.readFileSync(__filename, 'utf8');","        // bug-workaround - long $npm_package_buildCustomOrg","        /* jslint-ignore-begin */","        local.assetsDict['/assets.npmtest_redbird.rollup.js'] =","            local.assetsDict['/assets.npmtest_redbird.rollup.js'] ||","            local.fs.readFileSync(","                local.npmtest_redbird.__dirname + '/lib.npmtest_redbird.js',","                'utf8'","            ).replace((/^#!/), '//');","        /* jslint-ignore-end */","        local.assetsDict['/favicon.ico'] = local.assetsDict['/favicon.ico'] || '';","        // if $npm_config_timeout_exit exists,","        // then exit this process after $npm_config_timeout_exit ms","        if (Number(process.env.npm_config_timeout_exit)) {","            setTimeout(process.exit, Number(process.env.npm_config_timeout_exit));","        }","        // start server","        if (local.global.utility2_serverHttp1) {","            break;","        }","        process.env.PORT = process.env.PORT || '8081';","        console.error('server starting on port ' + process.env.PORT);","        local.http.createServer(function (request, response) {","            request.urlParsed = local.url.parse(request.url);","            if (local.assetsDict[request.urlParsed.pathname] !== undefined) {","                response.end(local.assetsDict[request.urlParsed.pathname]);","                return;","            }","            response.statusCode = 404;","            response.end();","        }).listen(process.env.PORT);","        break;","    }","}());",""],"l":{"26":2,"28":2,"33":2,"35":2,"37":2,"38":2,"39":2,"44":1,"51":2,"55":2,"59":2,"61":2,"69":1,"70":2,"76":2,"79":2,"82":2,"83":2,"85":1,"89":2,"92":1,"93":1,"94":1,"96":1,"97":1,"100":1,"101":1,"103":1,"106":1,"108":2,"114":1,"116":1,"118":1,"123":1,"124":2,"125":2,"126":3,"127":3,"128":3,"129":3,"130":1,"133":3,"134":3,"139":3,"143":1,"144":3,"145":1,"149":1,"150":1,"158":1,"160":1,"161":1,"162":1,"164":1,"166":1,"258":1,"259":1,"271":1,"274":6,"275":6,"277":1,"279":2,"281":1,"283":2,"288":1,"289":1,"291":1,"296":1,"303":1,"306":1,"307":1,"310":1,"311":1,"313":1,"314":1,"315":1,"316":1,"317":1,"318":1,"319":1,"321":1,"322":1,"324":1}},"/home/travis/build/npmtest/node-npmtest-redbird/node_modules/redbird/index.js":{"path":"/home/travis/build/npmtest/node-npmtest-redbird/node_modules/redbird/index.js","s":{"1":1,"2":1,"3":1},"b":{},"f":{},"fnMap":{},"statementMap":{"1":{"start":{"line":3,"column":0},"end":{"line":3,"column":40}},"2":{"start":{"line":4,"column":0},"end":{"line":4,"column":48}},"3":{"start":{"line":5,"column":0},"end":{"line":5,"column":52}}},"branchMap":{},"code":["/*eslint-env node */","'use strict';","module.exports = require('./lib/proxy');","module.exports.docker = require('./lib/docker');","module.exports.etcd = require('./lib/etcd-backend');",""],"l":{"3":1,"4":1,"5":1}},"/home/travis/build/npmtest/node-npmtest-redbird/node_modules/redbird/lib/proxy.js":{"path":"/home/travis/build/npmtest/node-npmtest-redbird/node_modules/redbird/lib/proxy.js","s":{"1":1,"2":1,"3":1,"4":1,"5":0,"6":0,"7":0,"8":0,"9":0,"10":0,"11":0,"12":0,"13":0,"14":0,"15":0,"16":0,"17":0,"18":0,"19":0,"20":0,"21":0,"22":0,"23":0,"24":0,"25":0,"26":0,"27":0,"28":0,"29":0,"30":0,"31":0,"32":0,"33":0,"34":0,"35":0,"36":0,"37":0,"38":0,"39":0,"40":0,"41":0,"42":0,"43":0,"44":1,"45":0,"46":0,"47":0,"48":0,"49":0,"50":0,"51":1,"52":0,"53":0,"54":0,"55":0,"56":0,"57":0,"58":0,"59":1,"60":0,"61":0,"62":0,"63":0,"64":0,"65":0,"66":0,"67":0,"68":0,"69":0,"70":0,"71":0,"72":0,"73":1,"74":0,"75":1,"76":0,"77":0,"78":0,"79":0,"80":0,"81":0,"82":0,"83":0,"84":0,"85":0,"86":0,"87":0,"88":1,"89":0,"90":0,"91":0,"92":0,"93":0,"94":0,"95":0,"96":0,"97":0,"98":0,"99":0,"100":0,"101":0,"102":0,"103":0,"104":0,"105":0,"106":0,"107":0,"108":0,"109":0,"110":0,"111":0,"112":0,"113":0,"114":0,"115":0,"116":0,"117":0,"118":0,"119":1,"120":0,"121":0,"122":0,"123":0,"124":0,"125":0,"126":0,"127":0,"128":0,"129":0,"130":0,"131":0,"132":0,"133":1,"134":0,"135":0,"136":0,"137":0,"138":1,"139":0,"140":0,"141":0,"142":0,"143":0,"144":1,"145":0,"146":0,"147":0,"148":0,"149":0,"150":0,"151":0,"152":0,"153":0,"154":0,"155":0,"156":0,"157":0,"158":0,"159":0,"160":0,"161":0,"162":0,"163":0,"164":0,"165":0,"166":0,"167":0,"168":0,"169":0,"170":0,"171":0,"172":0,"173":0,"174":0,"175":0,"176":0,"177":0,"178":1,"179":0,"180":0,"181":0,"182":0,"183":0,"184":0,"185":0,"186":0,"187":1,"188":0,"189":0,"190":0,"191":0,"192":0,"193":1,"194":0,"195":0,"196":0,"197":0,"198":0,"199":0,"200":0,"201":0,"202":0,"203":0,"204":0,"205":0,"206":0,"207":0,"208":0,"209":0,"210":0,"211":0,"212":0,"213":0,"214":0,"215":0,"216":0,"217":0,"218":0,"219":0,"220":0,"221":1,"222":0,"223":0,"224":0,"225":0,"226":0,"227":0,"228":0,"229":0,"230":0,"231":0,"232":0,"233":1,"234":1,"235":0,"236":0,"237":0,"238":0,"239":0,"240":0,"241":0,"242":1,"243":0,"244":0,"245":0,"246":0,"247":0,"248":0,"249":0,"250":0,"251":0,"252":0,"253":0,"254":0,"255":0,"256":0,"257":0,"258":0,"259":0,"260":0,"261":0,"262":1,"263":0,"264":0,"265":0,"266":0,"267":0,"268":0,"269":0,"270":0,"271":0,"272":0,"273":0,"274":0,"275":0,"276":0,"277":0,"278":0,"279":0,"280":0,"281":0,"282":1,"283":0,"284":0,"285":0,"286":1,"287":0,"288":0,"289":1,"290":0,"291":0,"292":0,"293":1,"294":0,"295":0,"296":0,"297":1,"298":0,"299":0,"300":0,"301":0,"302":0,"303":0,"304":0,"305":1,"306":0,"307":1,"308":0,"309":0,"310":0,"311":0,"312":0,"313":0,"314":0,"315":1,"316":0,"317":0,"318":0,"319":0,"320":0,"321":0,"322":0,"323":0,"324":0,"325":0,"326":1,"327":0,"328":0,"329":0,"330":0,"331":0,"332":0,"333":0,"334":0,"335":0,"336":0,"337":0,"338":0,"339":0,"340":1,"341":1,"342":0,"343":0,"344":0,"345":0,"346":0,"347":0,"348":0,"349":1,"350":0,"351":0,"352":0,"353":1},"b":{"1":[0,0],"2":[0,0],"3":[0,0],"4":[0,0],"5":[0,0],"6":[0,0,0],"7":[0,0],"8":[0,0],"9":[0,0],"10":[0,0],"11":[0,0],"12":[0,0],"13":[0,0],"14":[0,0],"15":[0,0],"16":[0,0],"17":[0,0],"18":[0,0],"19":[0,0],"20":[0,0],"21":[0,0],"22":[0,0],"23":[0,0],"24":[0,0],"25":[0,0],"26":[0,0],"27":[0,0],"28":[0,0],"29":[0,0],"30":[0,0,0,0],"31":[0,0],"32":[0,0],"33":[0,0],"34":[0,0],"35":[0,0],"36":[0,0],"37":[0,0],"38":[0,0],"39":[0,0],"40":[0,0],"41":[0,0],"42":[0,0],"43":[0,0],"44":[0,0],"45":[0,0],"46":[0,0],"47":[0,0],"48":[0,0],"49":[0,0],"50":[0,0],"51":[0,0],"52":[0,0],"53":[0,0],"54":[0,0],"55":[0,0],"56":[0,0],"57":[0,0],"58":[0,0],"59":[0,0],"60":[0,0],"61":[0,0],"62":[0,0],"63":[0,0,0],"64":[0,0],"65":[0,0],"66":[0,0],"67":[0,0],"68":[0,0],"69":[0,0],"70":[0,0],"71":[0,0],"72":[0,0],"73":[0,0],"74":[0,0],"75":[0,0],"76":[0,0],"77":[0,0],"78":[0,0],"79":[0,0],"80":[0,0],"81":[0,0],"82":[0,0],"83":[0,0],"84":[0,0],"85":[0,0],"86":[0,0],"87":[0,0],"88":[0,0],"89":[0,0],"90":[0,0],"91":[0,0],"92":[0,0],"93":[0,0],"94":[0,0],"95":[0,0],"96":[0,0],"97":[0,0],"98":[0,0],"99":[0,0],"100":[0,0],"101":[0,0,0],"102":[0,0],"103":[0,0],"104":[0,0],"105":[0,0,0],"106":[0,0],"107":[0,0],"108":[0,0],"109":[0,0],"110":[0,0],"111":[0,0],"112":[0,0],"113":[0,0],"114":[0,0],"115":[0,0],"116":[0,0],"117":[0,0],"118":[0,0],"119":[0,0],"120":[0,0],"121":[0,0],"122":[0,0],"123":[0,0],"124":[0,0],"125":[0,0],"126":[0,0],"127":[0,0,0],"128":[0,0],"129":[0,0],"130":[0,0],"131":[0,0],"132":[0,0],"133":[0,0],"134":[0,0],"135":[0,0],"136":[0,0],"137":[0,0],"138":[0,0]},"f":{"1":0,"2":0,"3":0,"4":0,"5":0,"6":0,"7":0,"8":0,"9":0,"10":0,"11":0,"12":0,"13":0,"14":0,"15":0,"16":0,"17":0,"18":0,"19":0,"20":0,"21":0,"22":0,"23":0,"24":0,"25":0,"26":0,"27":0,"28":0,"29":0,"30":0,"31":0,"32":0,"33":0,"34":0,"35":0,"36":0,"37":0,"38":0,"39":0,"40":0,"41":0,"42":0,"43":0,"44":0,"45":0,"46":0,"47":0,"48":0,"49":0},"fnMap":{"1":{"name":"ReverseProxy","line":22,"loc":{"start":{"line":22,"column":0},"end":{"line":22,"column":28}}},"2":{"name":"(anonymous_2)","line":47,"loc":{"start":{"line":47,"column":23},"end":{"line":47,"column":55}}},"3":{"name":"(anonymous_3)","line":88,"loc":{"start":{"line":88,"column":25},"end":{"line":88,"column":43}}},"4":{"name":"(anonymous_4)","line":98,"loc":{"start":{"line":98,"column":27},"end":{"line":98,"column":47}}},"5":{"name":"(anonymous_5)","line":109,"loc":{"start":{"line":109,"column":25},"end":{"line":109,"column":42}}},"6":{"name":"websocketsUpgrade","line":129,"loc":{"start":{"line":129,"column":2},"end":{"line":129,"column":48}}},"7":{"name":"handleProxyError","line":140,"loc":{"start":{"line":140,"column":2},"end":{"line":140,"column":43}}},"8":{"name":"(anonymous_8)","line":166,"loc":{"start":{"line":166,"column":40},"end":{"line":166,"column":87}}},"9":{"name":"(anonymous_9)","line":168,"loc":{"start":{"line":168,"column":47},"end":{"line":168,"column":67}}},"10":{"name":"(anonymous_10)","line":188,"loc":{"start":{"line":188,"column":21},"end":{"line":188,"column":36}}},"11":{"name":"shouldRedirectToHttps","line":195,"loc":{"start":{"line":195,"column":0},"end":{"line":195,"column":58}}},"12":{"name":"(anonymous_12)","line":199,"loc":{"start":{"line":199,"column":42},"end":{"line":199,"column":63}}},"13":{"name":"(anonymous_13)","line":209,"loc":{"start":{"line":209,"column":26},"end":{"line":209,"column":47}}},"14":{"name":"(anonymous_14)","line":218,"loc":{"start":{"line":218,"column":41},"end":{"line":218,"column":90}}},"15":{"name":"(anonymous_15)","line":227,"loc":{"start":{"line":227,"column":17},"end":{"line":227,"column":41}}},"16":{"name":"(anonymous_16)","line":258,"loc":{"start":{"line":258,"column":63},"end":{"line":258,"column":83}}},"17":{"name":"(anonymous_17)","line":272,"loc":{"start":{"line":272,"column":26},"end":{"line":272,"column":41}}},"18":{"name":"(anonymous_18)","line":276,"loc":{"start":{"line":276,"column":32},"end":{"line":276,"column":47}}},"19":{"name":"(anonymous_19)","line":284,"loc":{"start":{"line":284,"column":37},"end":{"line":284,"column":57}}},"20":{"name":"(anonymous_20)","line":292,"loc":{"start":{"line":292,"column":19},"end":{"line":292,"column":41}}},"21":{"name":"(anonymous_21)","line":304,"loc":{"start":{"line":304,"column":54},"end":{"line":304,"column":67}}},"22":{"name":"(anonymous_22)","line":310,"loc":{"start":{"line":310,"column":40},"end":{"line":310,"column":60}}},"23":{"name":"(anonymous_23)","line":314,"loc":{"start":{"line":314,"column":41},"end":{"line":314,"column":63}}},"24":{"name":"(anonymous_24)","line":319,"loc":{"start":{"line":319,"column":27},"end":{"line":319,"column":51}}},"25":{"name":"(anonymous_25)","line":336,"loc":{"start":{"line":336,"column":34},"end":{"line":336,"column":63}}},"26":{"name":"(anonymous_26)","line":388,"loc":{"start":{"line":388,"column":43},"end":{"line":388,"column":61}}},"27":{"name":"(anonymous_27)","line":399,"loc":{"start":{"line":399,"column":44},"end":{"line":399,"column":101}}},"28":{"name":"(anonymous_28)","line":401,"loc":{"start":{"line":401,"column":86},"end":{"line":401,"column":103}}},"29":{"name":"renewCertificate","line":417,"loc":{"start":{"line":417,"column":6},"end":{"line":417,"column":34}}},"30":{"name":"(anonymous_30)","line":429,"loc":{"start":{"line":429,"column":5},"end":{"line":429,"column":20}}},"31":{"name":"(anonymous_31)","line":434,"loc":{"start":{"line":434,"column":36},"end":{"line":434,"column":59}}},"32":{"name":"(anonymous_32)","line":457,"loc":{"start":{"line":457,"column":27},"end":{"line":457,"column":42}}},"33":{"name":"(anonymous_33)","line":480,"loc":{"start":{"line":480,"column":42},"end":{"line":480,"column":63}}},"34":{"name":"(anonymous_34)","line":515,"loc":{"start":{"line":515,"column":33},"end":{"line":515,"column":54}}},"35":{"name":"(anonymous_35)","line":531,"loc":{"start":{"line":531,"column":26},"end":{"line":531,"column":43}}},"36":{"name":"(anonymous_36)","line":556,"loc":{"start":{"line":556,"column":76},"end":{"line":556,"column":91}}},"37":{"name":"(anonymous_37)","line":566,"loc":{"start":{"line":566,"column":36},"end":{"line":566,"column":56}}},"38":{"name":"(anonymous_38)","line":614,"loc":{"start":{"line":614,"column":31},"end":{"line":614,"column":43}}},"39":{"name":"getSource","line":626,"loc":{"start":{"line":626,"column":0},"end":{"line":626,"column":24}}},"40":{"name":"(anonymous_40)","line":650,"loc":{"start":{"line":650,"column":22},"end":{"line":650,"column":42}}},"41":{"name":"(anonymous_41)","line":656,"loc":{"start":{"line":656,"column":34},"end":{"line":656,"column":54}}},"42":{"name":"redirectToHttps","line":666,"loc":{"start":{"line":666,"column":0},"end":{"line":666,"column":53}}},"43":{"name":"startsWith","line":681,"loc":{"start":{"line":681,"column":0},"end":{"line":681,"column":32}}},"44":{"name":"prepareUrl","line":686,"loc":{"start":{"line":686,"column":0},"end":{"line":686,"column":25}}},"45":{"name":"getCertData","line":700,"loc":{"start":{"line":700,"column":0},"end":{"line":700,"column":41}}},"46":{"name":"(anonymous_46)","line":708,"loc":{"start":{"line":708,"column":40},"end":{"line":708,"column":61}}},"47":{"name":"unbundleCert","line":725,"loc":{"start":{"line":725,"column":0},"end":{"line":725,"column":30}}},"48":{"name":"createCredentialContext","line":747,"loc":{"start":{"line":747,"column":0},"end":{"line":747,"column":48}}},"49":{"name":"setHttp","line":764,"loc":{"start":{"line":764,"column":0},"end":{"line":764,"column":23}}}},"statementMap":{"1":{"start":{"line":4,"column":0},"end":{"line":17,"column":44}},"2":{"start":{"line":19,"column":0},"end":{"line":19,"column":34}},"3":{"start":{"line":20,"column":0},"end":{"line":20,"column":29}},"4":{"start":{"line":22,"column":0},"end":{"line":164,"column":1}},"5":{"start":{"line":23,"column":2},"end":{"line":25,"column":3}},"6":{"start":{"line":24,"column":4},"end":{"line":24,"column":34}},"7":{"start":{"line":27,"column":2},"end":{"line":27,"column":32}},"8":{"start":{"line":29,"column":2},"end":{"line":29,"column":10}},"9":{"start":{"line":30,"column":2},"end":{"line":34,"column":3}},"10":{"start":{"line":31,"column":4},"end":{"line":33,"column":7}},"11":{"start":{"line":36,"column":2},"end":{"line":36,"column":19}},"12":{"start":{"line":38,"column":2},"end":{"line":40,"column":3}},"13":{"start":{"line":39,"column":4},"end":{"line":39,"column":67}},"14":{"start":{"line":42,"column":2},"end":{"line":127,"column":3}},"15":{"start":{"line":43,"column":4},"end":{"line":45,"column":5}},"16":{"start":{"line":44,"column":6},"end":{"line":44,"column":21}},"17":{"start":{"line":47,"column":4},"end":{"line":55,"column":7}},"18":{"start":{"line":49,"column":6},"end":{"line":53,"column":55}},"19":{"start":{"line":54,"column":6},"end":{"line":54,"column":21}},"20":{"start":{"line":57,"column":4},"end":{"line":57,"column":45}},"21":{"start":{"line":59,"column":4},"end":{"line":59,"column":34}},"22":{"start":{"line":61,"column":4},"end":{"line":63,"column":5}},"23":{"start":{"line":62,"column":6},"end":{"line":62,"column":39}},"24":{"start":{"line":65,"column":4},"end":{"line":67,"column":5}},"25":{"start":{"line":66,"column":6},"end":{"line":66,"column":39}},"26":{"start":{"line":72,"column":4},"end":{"line":72,"column":22}},"27":{"start":{"line":77,"column":4},"end":{"line":86,"column":7}},"28":{"start":{"line":88,"column":4},"end":{"line":92,"column":7}},"29":{"start":{"line":89,"column":6},"end":{"line":91,"column":7}},"30":{"start":{"line":90,"column":8},"end":{"line":90,"column":38}},"31":{"start":{"line":97,"column":4},"end":{"line":102,"column":5}},"32":{"start":{"line":98,"column":6},"end":{"line":101,"column":9}},"33":{"start":{"line":99,"column":8},"end":{"line":99,"column":37}},"34":{"start":{"line":100,"column":8},"end":{"line":100,"column":90}},"35":{"start":{"line":107,"column":4},"end":{"line":115,"column":5}},"36":{"start":{"line":108,"column":6},"end":{"line":114,"column":7}},"37":{"start":{"line":109,"column":8},"end":{"line":111,"column":10}},"38":{"start":{"line":110,"column":10},"end":{"line":110,"column":72}},"39":{"start":{"line":113,"column":8},"end":{"line":113,"column":70}},"40":{"start":{"line":120,"column":4},"end":{"line":120,"column":74}},"41":{"start":{"line":122,"column":4},"end":{"line":122,"column":29}},"42":{"start":{"line":124,"column":4},"end":{"line":124,"column":40}},"43":{"start":{"line":126,"column":4},"end":{"line":126,"column":84}},"44":{"start":{"line":129,"column":2},"end":{"line":138,"column":3}},"45":{"start":{"line":130,"column":4},"end":{"line":130,"column":29}},"46":{"start":{"line":131,"column":4},"end":{"line":131,"column":44}},"47":{"start":{"line":132,"column":4},"end":{"line":132,"column":87}},"48":{"start":{"line":133,"column":4},"end":{"line":137,"column":5}},"49":{"start":{"line":134,"column":6},"end":{"line":134,"column":54}},"50":{"start":{"line":136,"column":6},"end":{"line":136,"column":35}},"51":{"start":{"line":140,"column":2},"end":{"line":163,"column":3}},"52":{"start":{"line":145,"column":4},"end":{"line":149,"column":5}},"53":{"start":{"line":146,"column":6},"end":{"line":146,"column":42}},"54":{"start":{"line":147,"column":11},"end":{"line":149,"column":5}},"55":{"start":{"line":148,"column":6},"end":{"line":148,"column":42}},"56":{"start":{"line":154,"column":4},"end":{"line":156,"column":5}},"57":{"start":{"line":155,"column":6},"end":{"line":155,"column":43}},"58":{"start":{"line":162,"column":4},"end":{"line":162,"column":21}},"59":{"start":{"line":166,"column":0},"end":{"line":193,"column":1}},"60":{"start":{"line":167,"column":2},"end":{"line":167,"column":19}},"61":{"start":{"line":168,"column":2},"end":{"line":180,"column":5}},"62":{"start":{"line":169,"column":4},"end":{"line":169,"column":29}},"63":{"start":{"line":170,"column":4},"end":{"line":170,"column":44}},"64":{"start":{"line":171,"column":4},"end":{"line":179,"column":5}},"65":{"start":{"line":172,"column":6},"end":{"line":176,"column":7}},"66":{"start":{"line":173,"column":8},"end":{"line":173,"column":57}},"67":{"start":{"line":175,"column":8},"end":{"line":175,"column":48}},"68":{"start":{"line":178,"column":6},"end":{"line":178,"column":32}},"69":{"start":{"line":186,"column":2},"end":{"line":186,"column":42}},"70":{"start":{"line":188,"column":2},"end":{"line":190,"column":5}},"71":{"start":{"line":189,"column":4},"end":{"line":189,"column":42}},"72":{"start":{"line":192,"column":2},"end":{"line":192,"column":16}},"73":{"start":{"line":195,"column":0},"end":{"line":197,"column":1}},"74":{"start":{"line":196,"column":2},"end":{"line":196,"column":93}},"75":{"start":{"line":199,"column":0},"end":{"line":216,"column":1}},"76":{"start":{"line":200,"column":2},"end":{"line":202,"column":3}},"77":{"start":{"line":201,"column":4},"end":{"line":201,"column":61}},"78":{"start":{"line":203,"column":2},"end":{"line":203,"column":54}},"79":{"start":{"line":204,"column":2},"end":{"line":204,"column":64}},"80":{"start":{"line":206,"column":2},"end":{"line":206,"column":40}},"81":{"start":{"line":207,"column":2},"end":{"line":207,"column":56}},"82":{"start":{"line":208,"column":2},"end":{"line":208,"column":52}},"83":{"start":{"line":209,"column":2},"end":{"line":213,"column":3}},"84":{"start":{"line":210,"column":4},"end":{"line":212,"column":5}},"85":{"start":{"line":211,"column":6},"end":{"line":211,"column":37}},"86":{"start":{"line":214,"column":2},"end":{"line":214,"column":36}},"87":{"start":{"line":215,"column":2},"end":{"line":215,"column":38}},"88":{"start":{"line":218,"column":0},"end":{"line":282,"column":1}},"89":{"start":{"line":219,"column":2},"end":{"line":219,"column":19}},"90":{"start":{"line":220,"column":2},"end":{"line":220,"column":12}},"91":{"start":{"line":222,"column":2},"end":{"line":222,"column":32}},"92":{"start":{"line":224,"column":2},"end":{"line":224,"column":25}},"93":{"start":{"line":226,"column":2},"end":{"line":239,"column":4}},"94":{"start":{"line":228,"column":6},"end":{"line":232,"column":7}},"95":{"start":{"line":229,"column":8},"end":{"line":229,"column":34}},"96":{"start":{"line":231,"column":8},"end":{"line":231,"column":31}},"97":{"start":{"line":241,"column":2},"end":{"line":243,"column":3}},"98":{"start":{"line":242,"column":4},"end":{"line":242,"column":43}},"99":{"start":{"line":245,"column":2},"end":{"line":247,"column":3}},"100":{"start":{"line":246,"column":4},"end":{"line":246,"column":40}},"101":{"start":{"line":249,"column":2},"end":{"line":256,"column":3}},"102":{"start":{"line":250,"column":4},"end":{"line":250,"column":28}},"103":{"start":{"line":251,"column":4},"end":{"line":253,"column":5}},"104":{"start":{"line":252,"column":6},"end":{"line":252,"column":35}},"105":{"start":{"line":255,"column":4},"end":{"line":255,"column":29}},"106":{"start":{"line":258,"column":2},"end":{"line":268,"column":5}},"107":{"start":{"line":260,"column":4},"end":{"line":260,"column":29}},"108":{"start":{"line":262,"column":4},"end":{"line":262,"column":44}},"109":{"start":{"line":263,"column":4},"end":{"line":267,"column":5}},"110":{"start":{"line":264,"column":6},"end":{"line":264,"column":46}},"111":{"start":{"line":266,"column":6},"end":{"line":266,"column":32}},"112":{"start":{"line":270,"column":2},"end":{"line":270,"column":47}},"113":{"start":{"line":272,"column":2},"end":{"line":274,"column":5}},"114":{"start":{"line":273,"column":4},"end":{"line":273,"column":48}},"115":{"start":{"line":276,"column":2},"end":{"line":278,"column":5}},"116":{"start":{"line":277,"column":4},"end":{"line":277,"column":49}},"117":{"start":{"line":280,"column":2},"end":{"line":280,"column":74}},"118":{"start":{"line":281,"column":2},"end":{"line":281,"column":47}},"119":{"start":{"line":284,"column":0},"end":{"line":308,"column":2}},"120":{"start":{"line":285,"column":2},"end":{"line":285,"column":57}},"121":{"start":{"line":285,"column":45},"end":{"line":285,"column":57}},"122":{"start":{"line":287,"column":2},"end":{"line":289,"column":3}},"123":{"start":{"line":288,"column":4},"end":{"line":288,"column":26}},"124":{"start":{"line":291,"column":2},"end":{"line":291,"column":19}},"125":{"start":{"line":292,"column":2},"end":{"line":302,"column":5}},"126":{"start":{"line":293,"column":4},"end":{"line":295,"column":5}},"127":{"start":{"line":294,"column":6},"end":{"line":294,"column":65}},"128":{"start":{"line":297,"column":4},"end":{"line":299,"column":5}},"129":{"start":{"line":298,"column":6},"end":{"line":298,"column":30}},"130":{"start":{"line":301,"column":4},"end":{"line":301,"column":37}},"131":{"start":{"line":304,"column":2},"end":{"line":306,"column":5}},"132":{"start":{"line":305,"column":4},"end":{"line":305,"column":23}},"133":{"start":{"line":310,"column":0},"end":{"line":317,"column":2}},"134":{"start":{"line":311,"column":2},"end":{"line":311,"column":57}},"135":{"start":{"line":311,"column":45},"end":{"line":311,"column":57}},"136":{"start":{"line":314,"column":2},"end":{"line":316,"column":5}},"137":{"start":{"line":315,"column":4},"end":{"line":315,"column":35}},"138":{"start":{"line":319,"column":0},"end":{"line":325,"column":2}},"139":{"start":{"line":320,"column":2},"end":{"line":320,"column":20}},"140":{"start":{"line":321,"column":2},"end":{"line":321,"column":30}},"141":{"start":{"line":322,"column":2},"end":{"line":322,"column":64}},"142":{"start":{"line":323,"column":2},"end":{"line":323,"column":65}},"143":{"start":{"line":324,"column":2},"end":{"line":324,"column":16}},"144":{"start":{"line":336,"column":0},"end":{"line":397,"column":2}},"145":{"start":{"line":337,"column":2},"end":{"line":337,"column":57}},"146":{"start":{"line":337,"column":45},"end":{"line":337,"column":57}},"147":{"start":{"line":339,"column":2},"end":{"line":341,"column":3}},"148":{"start":{"line":340,"column":4},"end":{"line":340,"column":78}},"149":{"start":{"line":343,"column":2},"end":{"line":343,"column":29}},"150":{"start":{"line":345,"column":2},"end":{"line":345,"column":24}},"151":{"start":{"line":347,"column":2},"end":{"line":374,"column":3}},"152":{"start":{"line":348,"column":4},"end":{"line":348,"column":23}},"153":{"start":{"line":349,"column":4},"end":{"line":373,"column":5}},"154":{"start":{"line":350,"column":6},"end":{"line":352,"column":7}},"155":{"start":{"line":351,"column":8},"end":{"line":351,"column":80}},"156":{"start":{"line":354,"column":6},"end":{"line":372,"column":7}},"157":{"start":{"line":355,"column":8},"end":{"line":371,"column":9}},"158":{"start":{"line":356,"column":10},"end":{"line":356,"column":88}},"159":{"start":{"line":357,"column":15},"end":{"line":371,"column":9}},"160":{"start":{"line":358,"column":10},"end":{"line":361,"column":11}},"161":{"start":{"line":359,"column":12},"end":{"line":359,"column":71}},"162":{"start":{"line":360,"column":12},"end":{"line":360,"column":19}},"163":{"start":{"line":362,"column":10},"end":{"line":362,"column":94}},"164":{"start":{"line":363,"column":10},"end":{"line":367,"column":60}},"165":{"start":{"line":370,"column":10},"end":{"line":370,"column":44}},"166":{"start":{"line":375,"column":2},"end":{"line":375,"column":50}},"167":{"start":{"line":377,"column":2},"end":{"line":377,"column":65}},"168":{"start":{"line":378,"column":2},"end":{"line":378,"column":37}},"169":{"start":{"line":379,"column":2},"end":{"line":379,"column":47}},"170":{"start":{"line":381,"column":2},"end":{"line":391,"column":3}},"171":{"start":{"line":382,"column":4},"end":{"line":382,"column":48}},"172":{"start":{"line":383,"column":4},"end":{"line":383,"column":21}},"173":{"start":{"line":388,"column":4},"end":{"line":390,"column":7}},"174":{"start":{"line":389,"column":6},"end":{"line":389,"column":33}},"175":{"start":{"line":393,"column":2},"end":{"line":393,"column":26}},"176":{"start":{"line":395,"column":2},"end":{"line":395,"column":81}},"177":{"start":{"line":396,"column":2},"end":{"line":396,"column":14}},"178":{"start":{"line":399,"column":0},"end":{"line":432,"column":2}},"179":{"start":{"line":400,"column":2},"end":{"line":400,"column":19}},"180":{"start":{"line":401,"column":2},"end":{"line":431,"column":5}},"181":{"start":{"line":402,"column":4},"end":{"line":428,"column":5}},"182":{"start":{"line":403,"column":6},"end":{"line":406,"column":7}},"183":{"start":{"line":407,"column":6},"end":{"line":407,"column":66}},"184":{"start":{"line":412,"column":6},"end":{"line":412,"column":67}},"185":{"start":{"line":413,"column":6},"end":{"line":413,"column":100}},"186":{"start":{"line":415,"column":6},"end":{"line":415,"column":103}},"187":{"start":{"line":417,"column":6},"end":{"line":420,"column":7}},"188":{"start":{"line":418,"column":8},"end":{"line":418,"column":86}},"189":{"start":{"line":419,"column":8},"end":{"line":419,"column":79}},"190":{"start":{"line":422,"column":6},"end":{"line":422,"column":88}},"191":{"start":{"line":427,"column":6},"end":{"line":427,"column":76}},"192":{"start":{"line":430,"column":4},"end":{"line":430,"column":65}},"193":{"start":{"line":434,"column":0},"end":{"line":478,"column":2}},"194":{"start":{"line":435,"column":2},"end":{"line":435,"column":57}},"195":{"start":{"line":435,"column":45},"end":{"line":435,"column":57}},"196":{"start":{"line":437,"column":2},"end":{"line":439,"column":3}},"197":{"start":{"line":438,"column":4},"end":{"line":438,"column":16}},"198":{"start":{"line":441,"column":2},"end":{"line":441,"column":24}},"199":{"start":{"line":442,"column":2},"end":{"line":442,"column":48}},"200":{"start":{"line":443,"column":2},"end":{"line":443,"column":37}},"201":{"start":{"line":444,"column":2},"end":{"line":444,"column":8}},"202":{"start":{"line":446,"column":2},"end":{"line":450,"column":3}},"203":{"start":{"line":447,"column":4},"end":{"line":449,"column":5}},"204":{"start":{"line":448,"column":6},"end":{"line":448,"column":12}},"205":{"start":{"line":452,"column":2},"end":{"line":476,"column":3}},"206":{"start":{"line":453,"column":4},"end":{"line":453,"column":26}},"207":{"start":{"line":455,"column":4},"end":{"line":462,"column":5}},"208":{"start":{"line":456,"column":6},"end":{"line":456,"column":34}},"209":{"start":{"line":457,"column":6},"end":{"line":459,"column":9}},"210":{"start":{"line":458,"column":8},"end":{"line":458,"column":40}},"211":{"start":{"line":461,"column":6},"end":{"line":461,"column":22}},"212":{"start":{"line":464,"column":4},"end":{"line":473,"column":5}},"213":{"start":{"line":465,"column":6},"end":{"line":465,"column":26}},"214":{"start":{"line":466,"column":6},"end":{"line":466,"column":29}},"215":{"start":{"line":467,"column":6},"end":{"line":472,"column":7}},"216":{"start":{"line":468,"column":8},"end":{"line":470,"column":9}},"217":{"start":{"line":469,"column":10},"end":{"line":469,"column":64}},"218":{"start":{"line":471,"column":8},"end":{"line":471,"column":35}},"219":{"start":{"line":475,"column":4},"end":{"line":475,"column":81}},"220":{"start":{"line":477,"column":2},"end":{"line":477,"column":14}},"221":{"start":{"line":480,"column":0},"end":{"line":505,"column":2}},"222":{"start":{"line":482,"column":2},"end":{"line":484,"column":3}},"223":{"start":{"line":483,"column":4},"end":{"line":483,"column":11}},"224":{"start":{"line":486,"column":2},"end":{"line":486,"column":19}},"225":{"start":{"line":488,"column":2},"end":{"line":488,"column":34}},"226":{"start":{"line":489,"column":2},"end":{"line":489,"column":12}},"227":{"start":{"line":491,"column":2},"end":{"line":504,"column":3}},"228":{"start":{"line":492,"column":4},"end":{"line":492,"column":28}},"229":{"start":{"line":497,"column":4},"end":{"line":503,"column":5}},"230":{"start":{"line":498,"column":6},"end":{"line":498,"column":28}},"231":{"start":{"line":500,"column":6},"end":{"line":502,"column":7}},"232":{"start":{"line":501,"column":8},"end":{"line":501,"column":21}},"233":{"start":{"line":507,"column":0},"end":{"line":507,"column":53}},"234":{"start":{"line":515,"column":0},"end":{"line":529,"column":2}},"235":{"start":{"line":516,"column":2},"end":{"line":516,"column":12}},"236":{"start":{"line":518,"column":2},"end":{"line":518,"column":36}},"237":{"start":{"line":519,"column":2},"end":{"line":528,"column":3}},"238":{"start":{"line":520,"column":4},"end":{"line":520,"column":52}},"239":{"start":{"line":521,"column":4},"end":{"line":527,"column":5}},"240":{"start":{"line":524,"column":6},"end":{"line":526,"column":7}},"241":{"start":{"line":525,"column":8},"end":{"line":525,"column":21}},"242":{"start":{"line":531,"column":0},"end":{"line":564,"column":2}},"243":{"start":{"line":532,"column":2},"end":{"line":534,"column":3}},"244":{"start":{"line":533,"column":4},"end":{"line":533,"column":16}},"245":{"start":{"line":536,"column":2},"end":{"line":539,"column":3}},"246":{"start":{"line":538,"column":4},"end":{"line":538,"column":17}},"247":{"start":{"line":541,"column":2},"end":{"line":541,"column":57}},"248":{"start":{"line":542,"column":2},"end":{"line":542,"column":39}},"249":{"start":{"line":543,"column":2},"end":{"line":545,"column":3}},"250":{"start":{"line":544,"column":4},"end":{"line":544,"column":17}},"251":{"start":{"line":547,"column":2},"end":{"line":547,"column":48}},"252":{"start":{"line":548,"column":2},"end":{"line":561,"column":3}},"253":{"start":{"line":549,"column":4},"end":{"line":549,"column":57}},"254":{"start":{"line":550,"column":4},"end":{"line":550,"column":27}},"255":{"start":{"line":552,"column":4},"end":{"line":554,"column":5}},"256":{"start":{"line":553,"column":6},"end":{"line":553,"column":18}},"257":{"start":{"line":556,"column":4},"end":{"line":558,"column":7}},"258":{"start":{"line":557,"column":6},"end":{"line":557,"column":61}},"259":{"start":{"line":560,"column":4},"end":{"line":560,"column":41}},"260":{"start":{"line":562,"column":2},"end":{"line":562,"column":40}},"261":{"start":{"line":563,"column":2},"end":{"line":563,"column":21}},"262":{"start":{"line":566,"column":0},"end":{"line":612,"column":2}},"263":{"start":{"line":567,"column":2},"end":{"line":567,"column":20}},"264":{"start":{"line":568,"column":2},"end":{"line":568,"column":37}},"265":{"start":{"line":570,"column":2},"end":{"line":573,"column":3}},"266":{"start":{"line":571,"column":4},"end":{"line":571,"column":95}},"267":{"start":{"line":572,"column":4},"end":{"line":572,"column":11}},"268":{"start":{"line":575,"column":2},"end":{"line":575,"column":28}},"269":{"start":{"line":576,"column":2},"end":{"line":582,"column":3}},"270":{"start":{"line":580,"column":4},"end":{"line":580,"column":19}},"271":{"start":{"line":581,"
[...]
:0,"19":1,"20":0,"21":0,"22":0,"23":0,"24":1,"25":0,"26":1,"27":0,"28":0,"29":0,"30":0,"31":0,"32":0,"33":0,"34":0,"35":0,"36":0,"37":0,"38":0,"39":0,"40":0,"41":1},"b":{"1":[0,0],"2":[0,0],"3":[0,0],"4":[0,0],"5":[0,0],"6":[0,0],"7":[0,0],"8":[0,0],"9":[0,0,0],"10":[0,0],"11":[0,0,0],"12":[0,0],"13":[0,0]},"f":{"1":0,"2":0,"3":0,"4":0,"5":0,"6":0,"7":0,"8":0,"9":0},"fnMap":{"1":{"name":"ETCDModule","line":10,"loc":{"start":{"line":10,"column":0},"end":{"line":10,"column":37}}},"2":{"name":"(anonymous_2)","line":25,"loc":{"start":{"line":25,"column":30},"end":{"line":25,"column":57}}},"3":{"name":"(anonymous_3)","line":27,"loc":{"start":{"line":27,"column":39},"end":{"line":27,"column":52}}},"4":{"name":"IsJsonString","line":45,"loc":{"start":{"line":45,"column":2},"end":{"line":45,"column":29}}},"5":{"name":"removeEtcDir","line":55,"loc":{"start":{"line":55,"column":2},"end":{"line":55,"column":29}}},"6":{"name":"createWatcher","line":59,"loc":{"start":{"line":59,"column":2},"end":{"line":59,"column":26}}},"7":{"name":"(anonymous_7)","line":64,"loc":{"start":{"line":64,"column":31},"end":{"line":64,"column":53}}},"8":{"name":"(anonymous_8)","line":80,"loc":{"start":{"line":80,"column":31},"end":{"line":80,"column":53}}},"9":{"name":"(anonymous_9)","line":87,"loc":{"start":{"line":87,"column":30},"end":{"line":87,"column":43}}}},"statementMap":{"1":{"start":{"line":8,"column":0},"end":{"line":8,"column":32}},"2":{"start":{"line":10,"column":0},"end":{"line":91,"column":1}},"3":{"start":{"line":11,"column":2},"end":{"line":13,"column":3}},"4":{"start":{"line":12,"column":4},"end":{"line":12,"column":44}},"5":{"start":{"line":16,"column":2},"end":{"line":16,"column":25}},"6":{"start":{"line":17,"column":2},"end":{"line":17,"column":24}},"7":{"start":{"line":18,"column":2},"end":{"line":18,"column":19}},"8":{"start":{"line":21,"column":2},"end":{"line":21,"column":57}},"9":{"start":{"line":22,"column":2},"end":{"line":22,"column":83}},"10":{"start":{"line":25,"column":2},"end":{"line":42,"column":5}},"11":{"start":{"line":26,"column":4},"end":{"line":41,"column":5}},"12":{"start":{"line":27,"column":6},"end":{"line":34,"column":9}},"13":{"start":{"line":28,"column":8},"end":{"line":33,"column":9}},"14":{"start":{"line":29,"column":10},"end":{"line":29,"column":47}},"15":{"start":{"line":32,"column":10},"end":{"line":32,"column":26}},"16":{"start":{"line":36,"column":9},"end":{"line":41,"column":5}},"17":{"start":{"line":37,"column":6},"end":{"line":37,"column":22}},"18":{"start":{"line":40,"column":6},"end":{"line":40,"column":43}},"19":{"start":{"line":45,"column":2},"end":{"line":52,"column":3}},"20":{"start":{"line":46,"column":6},"end":{"line":50,"column":7}},"21":{"start":{"line":47,"column":10},"end":{"line":47,"column":26}},"22":{"start":{"line":49,"column":10},"end":{"line":49,"column":23}},"23":{"start":{"line":51,"column":6},"end":{"line":51,"column":18}},"24":{"start":{"line":55,"column":2},"end":{"line":57,"column":3}},"25":{"start":{"line":56,"column":4},"end":{"line":56,"column":69}},"26":{"start":{"line":59,"column":2},"end":{"line":90,"column":3}},"27":{"start":{"line":61,"column":4},"end":{"line":61,"column":79}},"28":{"start":{"line":64,"column":4},"end":{"line":77,"column":7}},"29":{"start":{"line":65,"column":6},"end":{"line":76,"column":7}},"30":{"start":{"line":66,"column":8},"end":{"line":66,"column":76}},"31":{"start":{"line":68,"column":11},"end":{"line":76,"column":7}},"32":{"start":{"line":69,"column":8},"end":{"line":69,"column":49}},"33":{"start":{"line":70,"column":8},"end":{"line":75,"column":9}},"34":{"start":{"line":71,"column":10},"end":{"line":71,"column":110}},"35":{"start":{"line":74,"column":10},"end":{"line":74,"column":82}},"36":{"start":{"line":80,"column":4},"end":{"line":84,"column":7}},"37":{"start":{"line":81,"column":6},"end":{"line":83,"column":7}},"38":{"start":{"line":82,"column":8},"end":{"line":82,"column":62}},"39":{"start":{"line":87,"column":4},"end":{"line":89,"column":7}},"40":{"start":{"line":88,"column":6},"end":{"line":88,"column":43}},"41":{"start":{"line":93,"column":0},"end":{"line":93,"column":28}}},"branchMap":{"1":{"line":11,"type":"if","locations":[{"start":{"line":11,"column":2},"end":{"line":11,"column":2}},{"start":{"line":11,"column":2},"end":{"line":11,"column":2}}]},"2":{"line":22,"type":"cond-expr","locations":[{"start":{"line":22,"column":58},"end":{"line":22,"column":70}},{"start":{"line":22,"column":73},"end":{"line":22,"column":82}}]},"3":{"line":26,"type":"if","locations":[{"start":{"line":26,"column":4},"end":{"line":26,"column":4}},{"start":{"line":26,"column":4},"end":{"line":26,"column":4}}]},"4":{"line":26,"type":"binary-expr","locations":[{"start":{"line":26,"column":8},"end":{"line":26,"column":11}},{"start":{"line":26,"column":15},"end":{"line":26,"column":35}}]},"5":{"line":28,"type":"if","locations":[{"start":{"line":28,"column":8},"end":{"line":28,"column":8}},{"start":{"line":28,"column":8},"end":{"line":28,"column":8}}]},"6":{"line":36,"type":"if","locations":[{"start":{"line":36,"column":9},"end":{"line":36,"column":9}},{"start":{"line":36,"column":9},"end":{"line":36,"column":9}}]},"7":{"line":36,"type":"binary-expr","locations":[{"start":{"line":36,"column":12},"end":{"line":36,"column":16}},{"start":{"line":36,"column":20},"end":{"line":36,"column":33}}]},"8":{"line":65,"type":"if","locations":[{"start":{"line":65,"column":6},"end":{"line":65,"column":6}},{"start":{"line":65,"column":6},"end":{"line":65,"column":6}}]},"9":{"line":65,"type":"binary-expr","locations":[{"start":{"line":65,"column":9},"end":{"line":65,"column":22}},{"start":{"line":65,"column":26},"end":{"line":65,"column":41}},{"start":{"line":65,"column":45},"end":{"line":65,"column":75}}]},"10":{"line":68,"type":"if","locations":[{"start":{"line":68,"column":11},"end":{"line":68,"column":11}},{"start":{"line":68,"column":11},"end":{"line":68,"column":11}}]},"11":{"line":68,"type":"binary-expr","locations":[{"start":{"line":68,"column":14},"end":{"line":68,"column":27}},{"start":{"line":68,"column":31},"end":{"line":68,"column":46}},{"start":{"line":68,"column":50},"end":{"line":68,"column":79}}]},"12":{"line":70,"type":"if","locations":[{"start":{"line":70,"column":8},"end":{"line":70,"column":8}},{"start":{"line":70,"column":8},"end":{"line":70,"column":8}}]},"13":{"line":81,"type":"if","locations":[{"start":{"line":81,"column":6},"end":{"line":81,"column":6}},{"start":{"line":81,"column":6},"end":{"line":81,"column":6}}]}},"code":["/*eslint-env node */","'use strict';","","/**","\tRedbird ETCD Module","\tThis module handles automatic proxy registration via etcd","*/","var Etcd = require('node-etcd');","","function ETCDModule(redbird, options){","  if (!(this instanceof ETCDModule)){","    return new ETCDModule(redbird, options);","  }","","  // Create Redbird Instance and Log","  this.redbird = redbird;","  var log = redbird.log;","  var _this = this;","","  // Create node-etcd Instance","  this.etcd = new Etcd(options.hosts,options.ssloptions);","  this.etcd_dir = (typeof options.path !== 'undefined') ? options.path : \"redbird\";","","  // Create directory if not created","  this.etcd.get(this.etcd_dir,function(err, body, header){","    if (err && err.errorCode == 100){","      _this.etcd.mkdir(_this.etcd_dir, function(err){","        if (err){","          log.error(err, 'etcd backend error');","        }","        else{","          createWatcher();","        }","      });","    }","    else if(!err && body.node.dir){","      createWatcher();","    }","    else{","      log.error(err, 'etcd backend error');","    }","  });","","  // Helper function to check if values contain settings","  function IsJsonString(str) {","      try {","          JSON.parse(str);","      } catch (e) {","          return false;","      }","      return true;","  }","","  // Helper function to pretify etcd directory strings","  function removeEtcDir(str) {","    return str.replace(_this.etcd_dir, '').replace(/^\\/+|\\/+$/g, '');","  }","","  function createWatcher(){","    // Watch etcd directory","    _this.watcher = _this.etcd.watcher(_this.etcd_dir, null, {recursive:true});","","    // On Add/Update","    _this.watcher.on(\"change\", function(body,headers){","      if(body.node.key && body.node.value && !IsJsonString(body.node.value)){","        _this.redbird.register(removeEtcDir(body.node.key),body.node.value);","      }","      else if(body.node.key && body.node.value && IsJsonString(body.node.value)){","        var config = JSON.parse(body.node.value);","        if (typeof config.docker !== 'undefined'){","          require('../').docker(_this.redbird).register(body.node.key,body.node.value.docker,body.node.value);","        }","        else {","          _this.redbird.register(removeEtcDir(body.node.key),config.hosts,config);","        }","      }","    });","","    // On Delete","    _this.watcher.on(\"delete\", function(body,headers){","      if(body.node.key){","        _this.redbird.unregister(removeEtcDir(body.node.key));","      }","    });","","    // Handle Errors","    _this.watcher.on(\"error\", function(err){","      log.error(err, 'etcd backend error');","    });","  }","}","","module.exports = ETCDModule;",""],"l":{"8":1,"10":1,"11":0,"12":0,"16":0,"17":0,"18":0,"21":0,"22":0,"25":0,"26":0,"27":0,"28":0,"29":0,"32":0,"36":0,"37":0,"40":0,"45":1,"46":0,"47":0,"49":0,"51":0,"55":1,"56":0,"59":1,"61":0,"64":0,"65":0,"66":0,"68":0,"69":0,"70":0,"71":0,"74":0,"80":0,"81":0,"82":0,"87":0,"88":0,"93":1}},"/home/travis/build/npmtest/node-npmtest-redbird/node_modules/redbird/gulpfile.js":{"path":"/home/travis/build/npmtest/node-npmtest-redbird/node_modules/redbird/gulpfile.js","s":{"1":2,"2":0,"3":0,"4":0},"b":{},"f":{"1":0},"fnMap":{"1":{"name":"(anonymous_1)","line":7,"loc":{"start":{"line":7,"column":18},"end":{"line":7,"column":29}}}},"statementMap":{"1":{"start":{"line":4,"column":0},"end":{"line":4,"column":27}},"2":{"start":{"line":5,"column":0},"end":{"line":5,"column":36}},"3":{"start":{"line":7,"column":0},"end":{"line":35,"column":3}},"4":{"start":{"line":10,"column":2},"end":{"line":34,"column":35}}},"branchMap":{},"code":["/*eslint-env node */","'use strict';","","var gulp = require('gulp');","var eslint = require('gulp-eslint');","","gulp.task('lint', function (){","  // Note: To have the process exit with an error code (1) on","  // lint error, return the stream and pipe to failOnError last.","  return gulp.src([","    './**/*.js',","    '!./test/**',","    '!./node_modules/**'","    ])","    .pipe(eslint({","      rules: {","            'space-after-keywords': [2, 'never'],","            indent: [2, 2],","            'valid-jsdoc': 0,","            'func-style': 0,","            'no-use-before-define': 0,","            camelcase: 1,","            'no-unused-vars': 1,","            'no-alert': 1,","            'no-console': 1,","            'no-unused-expressions': 0,","            'consistent-return': 0","        },","        globals: {","          'define': true","        }","    }))","    .pipe(eslint.format())","    .pipe(eslint.failAfterError());","});","",""],"l":{"4":2,"5":0,"7":0,"10":0}},"/home/travis/build/npmtest/node-npmtest-redbird/node_modules/redbird/lib/redis-backend.js":{"path":"/home/travis/build/npmtest/node-npmtest-redbird/node_modules/redbird/lib/redis-backend.js","s":{"1":2,"2":0,"3":0,"4":0,"5":1,"6":0,"7":0,"8":0,"9":0,"10":0,"11":0,"12":0,"13":0,"14":0,"15":0,"16":0,"17":0,"18":0,"19":0,"20":0,"21":0,"22":0,"23":0,"24":0,"25":0,"26":0,"27":0,"28":0,"29":0,"30":0,"31":0,"32":0,"33":0,"34":0,"35":0,"36":0,"37":0,"38":0,"39":0,"40":1,"41":0,"42":0},"b":{"1":[0,0],"2":[0,0],"3":[0,0],"4":[0,0],"5":[0,0]},"f":{"1":0,"2":0,"3":0,"4":0,"5":0,"6":0,"7":0,"8":0,"9":0,"10":0,"11":0,"12":0,"13":0,"14":0},"fnMap":{"1":{"name":"RedisBackend","line":19,"loc":{"start":{"line":19,"column":0},"end":{"line":20,"column":0}}},"2":{"name":"(anonymous_2)","line":41,"loc":{"start":{"line":41,"column":37},"end":{"line":41,"column":47}}},"3":{"name":"(anonymous_3)","line":49,"loc":{"start":{"line":49,"column":50},"end":{"line":49,"column":70}}},"4":{"name":"(anonymous_4)","line":50,"loc":{"start":{"line":50,"column":39},"end":{"line":50,"column":51}}},"5":{"name":"(anonymous_5)","line":53,"loc":{"start":{"line":53,"column":9},"end":{"line":53,"column":27}}},"6":{"name":"(anonymous_6)","line":59,"loc":{"start":{"line":59,"column":36},"end":{"line":59,"column":48}}},"7":{"name":"(anonymous_7)","line":64,"loc":{"start":{"line":64,"column":51},"end":{"line":64,"column":68}}},"8":{"name":"(anonymous_8)","line":76,"loc":{"start":{"line":76,"column":34},"end":{"line":76,"column":51}}},"9":{"name":"(anonymous_9)","line":84,"loc":{"start":{"line":84,"column":50},"end":{"line":84,"column":62}}},"10":{"name":"(anonymous_10)","line":86,"loc":{"start":{"line":86,"column":41},"end":{"line":86,"column":51}}},"11":{"name":"(anonymous_11)","line":89,"loc":{"start":{"line":89,"column":9},"end":{"line":89,"column":21}}},"12":{"name":"(anonymous_12)","line":93,"loc":{"start":{"line":93,"column":63},"end":{"line":93,"column":73}}},"13":{"name":"(anonymous_13)","line":99,"loc":{"start":{"line":99,"column":30},"end":{"line":99,"column":42}}},"14":{"name":"baseKey","line":103,"loc":{"start":{"line":103,"column":0},"end":{"line":103,"column":24}}}},"statementMap":{"1":{"start":{"line":3,"column":0},"end":{"line":3,"column":29}},"2":{"start":{"line":4,"column":0},"end":{"line":4,"column":34}},"3":{"start":{"line":5,"column":0},"end":{"line":5,"column":26}},"4":{"start":{"line":7,"column":0},"end":{"line":7,"column":28}},"5":{"start":{"line":19,"column":0},"end":{"line":35,"column":1}},"6":{"start":{"line":21,"column":1},"end":{"line":23,"column":2}},"7":{"start":{"line":22,"column":2},"end":{"line":22,"column":48}},"8":{"start":{"line":25,"column":1},"end":{"line":25,"column":19}},"9":{"start":{"line":26,"column":1},"end":{"line":26,"column":21}},"10":{"start":{"line":27,"column":1},"end":{"line":27,"column":36}},"11":{"start":{"line":29,"column":1},"end":{"line":29,"column":55}},"12":{"start":{"line":30,"column":1},"end":{"line":30,"column":57}},"13":{"start":{"line":32,"column":1},"end":{"line":32,"column":32}},"14":{"start":{"line":34,"column":1},"end":{"line":34,"column":37}},"15":{"start":{"line":41,"column":0},"end":{"line":57,"column":1}},"16":{"start":{"line":42,"column":1},"end":{"line":42,"column":18}},"17":{"start":{"line":43,"column":1},"end":{"line":43,"column":24}},"18":{"start":{"line":44,"column":1},"end":{"line":44,"column":28}},"19":{"start":{"line":49,"column":1},"end":{"line":56,"column":4}},"20":{"start":{"line":50,"column":2},"end":{"line":52,"column":6}},"21":{"start":{"line":51,"column":3},"end":{"line":51,"column":31}},"22":{"start":{"line":55,"column":2},"end":{"line":55,"column":29}},"23":{"start":{"line":59,"column":0},"end":{"line":74,"column":1}},"24":{"start":{"line":60,"column":1},"end":{"line":60,"column":24}},"25":{"start":{"line":64,"column":1},"end":{"line":73,"column":4}},"26":{"start":{"line":65,"column":2},"end":{"line":72,"column":3}},"27":{"start":{"line":66,"column":3},"end":{"line":66,"column":18}},"28":{"start":{"line":71,"column":3},"end":{"line":71,"column":30}},"29":{"start":{"line":76,"column":0},"end":{"line":97,"column":1}},"30":{"start":{"line":77,"column":1},"end":{"line":77,"column":24}},"31":{"start":{"line":78,"column":1},"end":{"line":78,"column":28}},"32":{"start":{"line":79,"column":1},"end":{"line":79,"column":28}},"33":{"start":{"line":84,"column":1},"end":{"line":96,"column":4}},"34":{"start":{"line":86,"column":2},"end":{"line":88,"column":4}},"35":{"start":{"line":87,"column":3},"end":{"line":87,"column":13}},"36":{"start":{"line":93,"column":2},"end":{"line":95,"column":4}},"37":{"start":{"line":94,"column":3},"end":{"line":94,"column":13}},"38":{"start":{"line":99,"column":0},"end":{"line":101,"column":1}},"39":{"start":{"line":100,"column":1},"end":{"line":100,"column":42}},"40":{"start":{"line":103,"column":0},"end":{"line":105,"column":1}},"41":{"start":{"line":104,"column":1},"end":{"line":104,"column":43}},"42":{"start":{"line":107,"column":0},"end":{"line":107,"column":30}}},"branchMap":{"1":{"line":21,"type":"if","locations":[{"start":{"line":21,"column":1},"end":{"line":21,"column":1}},{"start":{"line":21,"column":1},"end":{"line":21,"column":1}}]},"2":{"line":25,"type":"binary-expr","locations":[{"start":{"line":25,"column":8},"end":{"line":25,"column":12}},{"start":{"line":25,"column":16},"end":{"line":25,"column":18}}]},"3":{"line":26,"type":"binary-expr","locations":[{"start":{"line":26,"column":8},"end":{"line":26,"column":12}},{"start":{"line":26,"column":16},"end":{"line":26,"column":20}}]},"4":{"line":27,"type":"binary-expr","locations":[{"start":{"line":27,"column":12},"end":{"line":27,"column":20}},{"start":{"line":27,"column":24},"end":{"line":27,"column":35}}]},"5":{"line":65,"type":"if","locations":[{"start":{"line":65,"column":2},"end":{"line":65,"column":2}},{"start":{"line":65,"column":2},"end":{"line":65,"column":2}}]}},"code":["\"use strict\";","","var redis = require('redis');","var Promise = require('bluebird');","var _ = require('lodash');","","Promise.promisifyAll(redis);","","/**","\tInstantiates a Redis Redbird backend.","","\topts: {","\t\tprefix: '',","\t\tport: 6739,","\t\thost: 'localhost',","\t\topts: {}","\t}","*/","function RedisBackend(port, hostname, opts)","{","\tif(!(this instanceof RedisBackend)){","\t\treturn new RedisBackend(port, hostname, opts);","\t}","","\topts = opts || {};","\tport = port || 6379;","\thostname = hostname || 'localhost';","","\tthis.redis = redis.createClient(port, hostname, opts);","\tthis.publish = redis.createClient(port, hostname, opts);","","\tthis.prefix = opts.prefix + '';","","\tthis.baseKey = baseKey(this.prefix);","}","","/**","\tReturns a Promise that resolves to an array with all the ","\tregistered services and removes the expired ones.","*/","RedisBackend.prototype.getServices = function(){","\tvar _this = this;","\tvar redis = this.redis;","\tvar baseKey = this.baseKey;","","\t//","\t// Get all members in the service set.","\t//","\treturn redis.smembersAsync(baseKey + 'ids').then(function(serviceIds){","\t\treturn Promise.all(_.map(serviceIds, function(id){","\t\t\treturn _this.getService(id);","\t\t}));","\t}).then(function(services){","\t\t// Clean expired services","\t\treturn _.compact(services);","\t});","}","","RedisBackend.prototype.getService = function(id){","\tvar redis = this.redis;","\t//","\t// Get service hash","\t//","\treturn redis.hgetallAsync(this.baseKey + id).then(function(service){","\t\tif(service){","\t\t\treturn service;","\t\t}else{","\t\t\t//","\t\t\t// Service has expired, we must delete it from the service set.","\t\t\t//","\t\t\treturn redis.sremAsync(id);","\t\t}","\t});","}","","RedisBackend.prototype.register = function(service){","\tvar redis = this.redis;","\tvar publish = this.publish;","\tvar baseKey = this.baseKey;","","\t//","\t// Get unique service ID.","\t//","\treturn redis.incrAsync(baseKey + 'counter').then(function(id){","\t\t// Store it","\t\tredis.hset(baseKey + id, service).then(function(){","\t\t\treturn id;","\t\t})","\t}).then(function(id){","\t\t//","\t\t// // Publish a meesage so that the proxy can react faster to a new registration.","\t\t//","\t\treturn publish.publishAsync(baseKey + 'registered', id).then(function(){","\t\t\treturn id;","\t\t})","\t});","}","","RedisBackend.prototype.ping = function(id){","\treturn this.redis.pexpireAsync(id, 5000);","}","","function baseKey(prefix){","\treturn 'redbird-' + prefix + '-services-';","}","","module.exports = RedisBackend;","","",""],"l":{"3":2,"4":0,"5":0,"7":0,"19":1,"21":0,"22":0,"25":0,"26":0,"27":0,"29":0,"30":0,"32":0,"34":0,"41":0,"42":0,"43":0,"44":0,"49":0,"50":0,"51":0,"55":0,"59":0,"60":0,"64":0,"65":0,"66":0,"71":0,"76":0,"77":0,"78":0,"79":0,"84":0,"86":0,"87":0,"93":0,"94":0,"99":0,"100":0,"103":1,"104":0,"107":0}}}